TRACE::2021-07-21.18:46:43::SCWPlatform::Trying to open the hw design at /home/norian/Documents/github/SideChannelAtt/pourgithub/microblaze_GPIO/AES/design_1_wrapper_1/hw/design_1_wrapper.xsa
TRACE::2021-07-21.18:46:43::SCWPlatform::DSA given /home/norian/Documents/github/SideChannelAtt/pourgithub/microblaze_GPIO/AES/design_1_wrapper_1/hw/design_1_wrapper.xsa
TRACE::2021-07-21.18:46:43::SCWPlatform::DSA absoulate path /home/norian/Documents/github/SideChannelAtt/pourgithub/microblaze_GPIO/AES/design_1_wrapper_1/hw/design_1_wrapper.xsa
TRACE::2021-07-21.18:46:45::SCWPlatform::DSA directory /home/norian/Documents/github/SideChannelAtt/pourgithub/microblaze_GPIO/AES/design_1_wrapper_1/hw
TRACE::2021-07-21.18:46:45::SCWPlatform:: Platform Path /home/norian/Documents/github/SideChannelAtt/pourgithub/microblaze_GPIO/AES/design_1_wrapper_1/hw/design_1_wrapper.xsa
TRACE::2021-07-21.18:46:45::SCWPlatform:: Unique name xilinx:arty-a7-35::0.0
TRACE::2021-07-21.18:46:45::SCWPlatform::Do not have an existing db opened. 
TRACE::2021-07-21.18:46:45::SCWPlatform::Opened new HwDB with name design_1_wrapper_0
TRACE::2021-07-21.18:46:45::SCWWriter::formatted JSON is {
	"platformName":	"design_1_wrapper_1",
	"sprVersion":	"2.0",
	"mode":	"gui",
	"dsaType":	"Fixed",
	"platformDesc":	"design_1_wrapper_1",
	"platHandOff":	"/home/norian/Documents/github/SideChannelAtt/pourgithub/microblaze_GPIO/AES/design_1_wrapper.xsa",
	"platIntHandOff":	"<platformDir>/hw/design_1_wrapper.xsa",
	"deviceType":	"FPGA",
	"platIsPrebuiltAutogen":	"false",
	"platIsNoBootBsp":	"false",
	"hasFsblMakeHasChanges":	"false",
	"hasPmufwMakeHasChanges":	"false",
	"platPreBuiltFlag":	false,
	"platformSamplesDir":	""
}
TRACE::2021-07-21.18:46:45::SCWWriter::formatted JSON is {
	"platformName":	"design_1_wrapper_1",
	"sprVersion":	"2.0",
	"mode":	"gui",
	"dsaType":	"Fixed",
	"platformDesc":	"design_1_wrapper_1",
	"platHandOff":	"/home/norian/Documents/github/SideChannelAtt/pourgithub/microblaze_GPIO/AES/design_1_wrapper.xsa",
	"platIntHandOff":	"<platformDir>/hw/design_1_wrapper.xsa",
	"deviceType":	"FPGA",
	"platIsPrebuiltAutogen":	"false",
	"platIsNoBootBsp":	"false",
	"hasFsblMakeHasChanges":	"false",
	"hasPmufwMakeHasChanges":	"false",
	"platPreBuiltFlag":	false,
	"platformSamplesDir":	"",
	"platActiveSys":	"design_1_wrapper_1",
	"systems":	[{
			"systemName":	"design_1_wrapper_1",
			"systemDesc":	"design_1_wrapper_1",
			"sysIsBootAutoGen":	"true",
			"systemDispName":	"design_1_wrapper_1"
		}]
}
TRACE::2021-07-21.18:46:45::SCWPlatform::Boot application domains not present, creating them
TRACE::2021-07-21.18:46:45::SCWPlatform::Pure FPGA device, no boot application will be created.
TRACE::2021-07-21.18:46:45::SCWWriter::formatted JSON is {
	"platformName":	"design_1_wrapper_1",
	"sprVersion":	"2.0",
	"mode":	"gui",
	"dsaType":	"Fixed",
	"platformDesc":	"design_1_wrapper_1",
	"platHandOff":	"/home/norian/Documents/github/SideChannelAtt/pourgithub/microblaze_GPIO/AES/design_1_wrapper.xsa",
	"platIntHandOff":	"<platformDir>/hw/design_1_wrapper.xsa",
	"deviceType":	"FPGA",
	"platIsPrebuiltAutogen":	"false",
	"platIsNoBootBsp":	"false",
	"hasFsblMakeHasChanges":	"false",
	"hasPmufwMakeHasChanges":	"false",
	"platPreBuiltFlag":	false,
	"platformSamplesDir":	"",
	"platActiveSys":	"design_1_wrapper_1",
	"systems":	[{
			"systemName":	"design_1_wrapper_1",
			"systemDesc":	"design_1_wrapper_1",
			"sysIsBootAutoGen":	"true",
			"systemDispName":	"design_1_wrapper_1"
		}]
}
TRACE::2021-07-21.18:46:45::SCWWriter::formatted JSON is {
	"platformName":	"design_1_wrapper_1",
	"sprVersion":	"2.0",
	"mode":	"gui",
	"dsaType":	"Fixed",
	"platformDesc":	"design_1_wrapper_1",
	"platHandOff":	"/home/norian/Documents/github/SideChannelAtt/pourgithub/microblaze_GPIO/AES/design_1_wrapper.xsa",
	"platIntHandOff":	"<platformDir>/hw/design_1_wrapper.xsa",
	"deviceType":	"FPGA",
	"platIsPrebuiltAutogen":	"false",
	"platIsNoBootBsp":	"false",
	"hasFsblMakeHasChanges":	"false",
	"hasPmufwMakeHasChanges":	"false",
	"platPreBuiltFlag":	false,
	"platformSamplesDir":	"",
	"platActiveSys":	"design_1_wrapper_1",
	"systems":	[{
			"systemName":	"design_1_wrapper_1",
			"systemDesc":	"design_1_wrapper_1",
			"sysIsBootAutoGen":	"true",
			"systemDispName":	"design_1_wrapper_1"
		}]
}
TRACE::2021-07-21.18:46:45::SCWPlatform::Trying to open the hw design at /home/norian/Documents/github/SideChannelAtt/pourgithub/microblaze_GPIO/AES/design_1_wrapper_1/hw/design_1_wrapper.xsa
TRACE::2021-07-21.18:46:45::SCWPlatform::DSA given /home/norian/Documents/github/SideChannelAtt/pourgithub/microblaze_GPIO/AES/design_1_wrapper_1/hw/design_1_wrapper.xsa
TRACE::2021-07-21.18:46:45::SCWPlatform::DSA absoulate path /home/norian/Documents/github/SideChannelAtt/pourgithub/microblaze_GPIO/AES/design_1_wrapper_1/hw/design_1_wrapper.xsa
TRACE::2021-07-21.18:46:45::SCWPlatform::DSA directory /home/norian/Documents/github/SideChannelAtt/pourgithub/microblaze_GPIO/AES/design_1_wrapper_1/hw
TRACE::2021-07-21.18:46:45::SCWPlatform:: Platform Path /home/norian/Documents/github/SideChannelAtt/pourgithub/microblaze_GPIO/AES/design_1_wrapper_1/hw/design_1_wrapper.xsa
TRACE::2021-07-21.18:46:45::SCWPlatform:: Unique name xilinx:arty-a7-35::0.0
TRACE::2021-07-21.18:46:45::SCWPlatform::Trying to set the existing hwdb with name design_1_wrapper_0
TRACE::2021-07-21.18:46:45::SCWPlatform::Opened existing hwdb design_1_wrapper_0
TRACE::2021-07-21.18:46:45::SCWPlatform::Found the Hw Db part of the input DSA
TRACE::2021-07-21.18:46:45::SCWDomain::checking for install qemu data   : 
TRACE::2021-07-21.18:46:45::SCWPlatform::Trying to open the hw design at /home/norian/Documents/github/SideChannelAtt/pourgithub/microblaze_GPIO/AES/design_1_wrapper_1/hw/design_1_wrapper.xsa
TRACE::2021-07-21.18:46:45::SCWPlatform::DSA given /home/norian/Documents/github/SideChannelAtt/pourgithub/microblaze_GPIO/AES/design_1_wrapper_1/hw/design_1_wrapper.xsa
TRACE::2021-07-21.18:46:45::SCWPlatform::DSA absoulate path /home/norian/Documents/github/SideChannelAtt/pourgithub/microblaze_GPIO/AES/design_1_wrapper_1/hw/design_1_wrapper.xsa
TRACE::2021-07-21.18:46:45::SCWPlatform::DSA directory /home/norian/Documents/github/SideChannelAtt/pourgithub/microblaze_GPIO/AES/design_1_wrapper_1/hw
TRACE::2021-07-21.18:46:45::SCWPlatform:: Platform Path /home/norian/Documents/github/SideChannelAtt/pourgithub/microblaze_GPIO/AES/design_1_wrapper_1/hw/design_1_wrapper.xsa
TRACE::2021-07-21.18:46:45::SCWPlatform:: Unique name xilinx:arty-a7-35::0.0
TRACE::2021-07-21.18:46:45::SCWPlatform::Trying to set the existing hwdb with name design_1_wrapper_0
TRACE::2021-07-21.18:46:45::SCWPlatform::Opened existing hwdb design_1_wrapper_0
TRACE::2021-07-21.18:46:45::SCWPlatform::Found the Hw Db part of the input DSA
TRACE::2021-07-21.18:46:45::SCWPlatform::Trying to open the hw design at /home/norian/Documents/github/SideChannelAtt/pourgithub/microblaze_GPIO/AES/design_1_wrapper_1/hw/design_1_wrapper.xsa
TRACE::2021-07-21.18:46:45::SCWPlatform::DSA given /home/norian/Documents/github/SideChannelAtt/pourgithub/microblaze_GPIO/AES/design_1_wrapper_1/hw/design_1_wrapper.xsa
TRACE::2021-07-21.18:46:45::SCWPlatform::DSA absoulate path /home/norian/Documents/github/SideChannelAtt/pourgithub/microblaze_GPIO/AES/design_1_wrapper_1/hw/design_1_wrapper.xsa
TRACE::2021-07-21.18:46:45::SCWPlatform::DSA directory /home/norian/Documents/github/SideChannelAtt/pourgithub/microblaze_GPIO/AES/design_1_wrapper_1/hw
TRACE::2021-07-21.18:46:45::SCWPlatform:: Platform Path /home/norian/Documents/github/SideChannelAtt/pourgithub/microblaze_GPIO/AES/design_1_wrapper_1/hw/design_1_wrapper.xsa
TRACE::2021-07-21.18:46:45::SCWPlatform:: Unique name xilinx:arty-a7-35::0.0
TRACE::2021-07-21.18:46:45::SCWPlatform::Trying to set the existing hwdb with name design_1_wrapper_0
TRACE::2021-07-21.18:46:45::SCWPlatform::Opened existing hwdb design_1_wrapper_0
TRACE::2021-07-21.18:46:45::SCWPlatform::Found the Hw Db part of the input DSA
TRACE::2021-07-21.18:46:45::SCWPlatform::Trying to open the hw design at /home/norian/Documents/github/SideChannelAtt/pourgithub/microblaze_GPIO/AES/design_1_wrapper_1/hw/design_1_wrapper.xsa
TRACE::2021-07-21.18:46:45::SCWPlatform::DSA given /home/norian/Documents/github/SideChannelAtt/pourgithub/microblaze_GPIO/AES/design_1_wrapper_1/hw/design_1_wrapper.xsa
TRACE::2021-07-21.18:46:45::SCWPlatform::DSA absoulate path /home/norian/Documents/github/SideChannelAtt/pourgithub/microblaze_GPIO/AES/design_1_wrapper_1/hw/design_1_wrapper.xsa
TRACE::2021-07-21.18:46:45::SCWPlatform::DSA directory /home/norian/Documents/github/SideChannelAtt/pourgithub/microblaze_GPIO/AES/design_1_wrapper_1/hw
TRACE::2021-07-21.18:46:45::SCWPlatform:: Platform Path /home/norian/Documents/github/SideChannelAtt/pourgithub/microblaze_GPIO/AES/design_1_wrapper_1/hw/design_1_wrapper.xsa
TRACE::2021-07-21.18:46:45::SCWPlatform:: Unique name xilinx:arty-a7-35::0.0
TRACE::2021-07-21.18:46:45::SCWPlatform::Trying to set the existing hwdb with name design_1_wrapper_0
TRACE::2021-07-21.18:46:45::SCWPlatform::Opened existing hwdb design_1_wrapper_0
TRACE::2021-07-21.18:46:45::SCWPlatform::Found the Hw Db part of the input DSA
TRACE::2021-07-21.18:46:45::SCWMssOS::Checking the sw design at  /home/norian/Documents/github/SideChannelAtt/pourgithub/microblaze_GPIO/AES/design_1_wrapper_1/microblaze_0/standalone_microblaze_0/bsp/system.mss
TRACE::2021-07-21.18:46:45::SCWMssOS::DEBUG:  swdes dump  
TRACE::2021-07-21.18:46:45::SCWMssOS::No sw design opened at  /home/norian/Documents/github/SideChannelAtt/pourgithub/microblaze_GPIO/AES/design_1_wrapper_1/microblaze_0/standalone_microblaze_0/bsp/system.mss
TRACE::2021-07-21.18:46:45::SCWMssOS::mss does not exists at /home/norian/Documents/github/SideChannelAtt/pourgithub/microblaze_GPIO/AES/design_1_wrapper_1/microblaze_0/standalone_microblaze_0/bsp/system.mss
TRACE::2021-07-21.18:46:45::SCWMssOS::Creating sw design at  /home/norian/Documents/github/SideChannelAtt/pourgithub/microblaze_GPIO/AES/design_1_wrapper_1/microblaze_0/standalone_microblaze_0/bsp/system.mss
TRACE::2021-07-21.18:46:45::SCWMssOS::Adding the swdes entry, created swdb /home/norian/Documents/github/SideChannelAtt/pourgithub/microblaze_GPIO/AES/design_1_wrapper_1/microblaze_0/standalone_microblaze_0/bsp/system.mss with des name /home/norian/Documents/github/SideChannelAtt/pourgithub/microblaze_GPIO/AES/design_1_wrapper_1/microblaze_0/standalone_microblaze_0/bsp/system.mss
TRACE::2021-07-21.18:46:45::SCWMssOS::updating the scw layer changes to swdes at   /home/norian/Documents/github/SideChannelAtt/pourgithub/microblaze_GPIO/AES/design_1_wrapper_1/microblaze_0/standalone_microblaze_0/bsp/system.mss
TRACE::2021-07-21.18:46:45::SCWMssOS::Writing mss at /home/norian/Documents/github/SideChannelAtt/pourgithub/microblaze_GPIO/AES/design_1_wrapper_1/microblaze_0/standalone_microblaze_0/bsp/system.mss
TRACE::2021-07-21.18:46:45::SCWMssOS::Completed writing the mss file at /home/norian/Documents/github/SideChannelAtt/pourgithub/microblaze_GPIO/AES/design_1_wrapper_1/microblaze_0/standalone_microblaze_0/bsp
TRACE::2021-07-21.18:46:45::SCWMssOS::Picking up changes from newly written mss file into SCW Layer. 
TRACE::2021-07-21.18:46:45::SCWMssOS::Updated the changes from newly written mss file into SCW Layer. 
TRACE::2021-07-21.18:46:45::SCWMssOS::Completed writing the mss file at /home/norian/Documents/github/SideChannelAtt/pourgithub/microblaze_GPIO/AES/design_1_wrapper_1/microblaze_0/standalone_microblaze_0/bsp
TRACE::2021-07-21.18:46:45::SCWMssOS::Forcing BSP Sources regeneration.
TRACE::2021-07-21.18:46:46::SCWMssOS::Saving the mss changes /home/norian/Documents/github/SideChannelAtt/pourgithub/microblaze_GPIO/AES/design_1_wrapper_1/microblaze_0/standalone_microblaze_0/bsp/system.mss
TRACE::2021-07-21.18:46:46::SCWMssOS::Found a swdesign opened with the mssfile.
TRACE::2021-07-21.18:46:46::SCWMssOS::Running validate of swdbs.
KEYINFO::2021-07-21.18:46:46::SCWMssOS::Could not open the swdb for /home/norian/Documents/github/SideChannelAtt/pourgithub/microblaze_GPIO/AES/design_1_wrapper_1/microblaze_0/standalone_microblaze_0/bsp/system.mss
KEYINFO::2021-07-21.18:46:46::SCWMssOS::Could not open the sw design at  /home/norian/Documents/github/SideChannelAtt/pourgithub/microblaze_GPIO/AES/design_1_wrapper_1/microblaze_0/standalone_microblaze_0/bsp/system.mss
ERROR: [Hsi 55-1558] Software Design /home/norian/Documents/github/SideChannelAtt/pourgithub/microblaze_GPIO/AES/design_1_wrapper_1/microblaze_0/standalone_microblaze_0/bsp/system.mss is not found

TRACE::2021-07-21.18:46:46::SCWMssOS::Cleared the swdb table entry
TRACE::2021-07-21.18:46:46::SCWMssOS::Adding the swdes entry, mss present, able to open swdb /home/norian/Documents/github/SideChannelAtt/pourgithub/microblaze_GPIO/AES/design_1_wrapper_1/microblaze_0/standalone_microblaze_0/bsp/system.mss with des name system
TRACE::2021-07-21.18:46:46::SCWMssOS::Writing the mss file completed /home/norian/Documents/github/SideChannelAtt/pourgithub/microblaze_GPIO/AES/design_1_wrapper_1/microblaze_0/standalone_microblaze_0/bsp/system.mss
TRACE::2021-07-21.18:46:46::SCWMssOS::Commit changes completed.
TRACE::2021-07-21.18:46:46::SCWPlatform::Trying to open the hw design at /home/norian/Documents/github/SideChannelAtt/pourgithub/microblaze_GPIO/AES/design_1_wrapper_1/hw/design_1_wrapper.xsa
TRACE::2021-07-21.18:46:46::SCWPlatform::DSA given /home/norian/Documents/github/SideChannelAtt/pourgithub/microblaze_GPIO/AES/design_1_wrapper_1/hw/design_1_wrapper.xsa
TRACE::2021-07-21.18:46:46::SCWPlatform::DSA absoulate path /home/norian/Documents/github/SideChannelAtt/pourgithub/microblaze_GPIO/AES/design_1_wrapper_1/hw/design_1_wrapper.xsa
TRACE::2021-07-21.18:46:46::SCWPlatform::DSA directory /home/norian/Documents/github/SideChannelAtt/pourgithub/microblaze_GPIO/AES/design_1_wrapper_1/hw
TRACE::2021-07-21.18:46:46::SCWPlatform:: Platform Path /home/norian/Documents/github/SideChannelAtt/pourgithub/microblaze_GPIO/AES/design_1_wrapper_1/hw/design_1_wrapper.xsa
TRACE::2021-07-21.18:46:46::SCWPlatform:: Unique name xilinx:arty-a7-35::0.0
TRACE::2021-07-21.18:46:46::SCWPlatform::Trying to set the existing hwdb with name design_1_wrapper_0
TRACE::2021-07-21.18:46:46::SCWPlatform::Opened existing hwdb design_1_wrapper_0
TRACE::2021-07-21.18:46:46::SCWPlatform::Found the Hw Db part of the input DSA
TRACE::2021-07-21.18:46:46::SCWMssOS::Checking the sw design at  /home/norian/Documents/github/SideChannelAtt/pourgithub/microblaze_GPIO/AES/design_1_wrapper_1/microblaze_0/standalone_microblaze_0/bsp/system.mss
TRACE::2021-07-21.18:46:46::SCWMssOS::DEBUG:  swdes dump  /home/norian/Documents/github/SideChannelAtt/pourgithub/microblaze_GPIO/AES/design_1_wrapper_1/microblaze_0/standalone_microblaze_0/bsp/system.mss|system||

TRACE::2021-07-21.18:46:46::SCWMssOS::Sw design exists and opened at  /home/norian/Documents/github/SideChannelAtt/pourgithub/microblaze_GPIO/AES/design_1_wrapper_1/microblaze_0/standalone_microblaze_0/bsp/system.mss
TRACE::2021-07-21.18:46:46::SCWPlatform::Trying to open the hw design at /home/norian/Documents/github/SideChannelAtt/pourgithub/microblaze_GPIO/AES/design_1_wrapper_1/hw/design_1_wrapper.xsa
TRACE::2021-07-21.18:46:46::SCWPlatform::DSA given /home/norian/Documents/github/SideChannelAtt/pourgithub/microblaze_GPIO/AES/design_1_wrapper_1/hw/design_1_wrapper.xsa
TRACE::2021-07-21.18:46:46::SCWPlatform::DSA absoulate path /home/norian/Documents/github/SideChannelAtt/pourgithub/microblaze_GPIO/AES/design_1_wrapper_1/hw/design_1_wrapper.xsa
TRACE::2021-07-21.18:46:46::SCWPlatform::DSA directory /home/norian/Documents/github/SideChannelAtt/pourgithub/microblaze_GPIO/AES/design_1_wrapper_1/hw
TRACE::2021-07-21.18:46:46::SCWPlatform:: Platform Path /home/norian/Documents/github/SideChannelAtt/pourgithub/microblaze_GPIO/AES/design_1_wrapper_1/hw/design_1_wrapper.xsa
TRACE::2021-07-21.18:46:46::SCWPlatform:: Unique name xilinx:arty-a7-35::0.0
TRACE::2021-07-21.18:46:46::SCWPlatform::Trying to set the existing hwdb with name design_1_wrapper_0
TRACE::2021-07-21.18:46:46::SCWPlatform::Opened existing hwdb design_1_wrapper_0
TRACE::2021-07-21.18:46:46::SCWPlatform::Found the Hw Db part of the input DSA
TRACE::2021-07-21.18:46:46::SCWMssOS::Checking the sw design at  /home/norian/Documents/github/SideChannelAtt/pourgithub/microblaze_GPIO/AES/design_1_wrapper_1/microblaze_0/standalone_microblaze_0/bsp/system.mss
TRACE::2021-07-21.18:46:46::SCWMssOS::DEBUG:  swdes dump  /home/norian/Documents/github/SideChannelAtt/pourgithub/microblaze_GPIO/AES/design_1_wrapper_1/microblaze_0/standalone_microblaze_0/bsp/system.mss|system||

TRACE::2021-07-21.18:46:46::SCWMssOS::Sw design exists and opened at  /home/norian/Documents/github/SideChannelAtt/pourgithub/microblaze_GPIO/AES/design_1_wrapper_1/microblaze_0/standalone_microblaze_0/bsp/system.mss
TRACE::2021-07-21.18:46:46::SCWPlatform::Trying to open the hw design at /home/norian/Documents/github/SideChannelAtt/pourgithub/microblaze_GPIO/AES/design_1_wrapper_1/hw/design_1_wrapper.xsa
TRACE::2021-07-21.18:46:46::SCWPlatform::DSA given /home/norian/Documents/github/SideChannelAtt/pourgithub/microblaze_GPIO/AES/design_1_wrapper_1/hw/design_1_wrapper.xsa
TRACE::2021-07-21.18:46:46::SCWPlatform::DSA absoulate path /home/norian/Documents/github/SideChannelAtt/pourgithub/microblaze_GPIO/AES/design_1_wrapper_1/hw/design_1_wrapper.xsa
TRACE::2021-07-21.18:46:46::SCWPlatform::DSA directory /home/norian/Documents/github/SideChannelAtt/pourgithub/microblaze_GPIO/AES/design_1_wrapper_1/hw
TRACE::2021-07-21.18:46:46::SCWPlatform:: Platform Path /home/norian/Documents/github/SideChannelAtt/pourgithub/microblaze_GPIO/AES/design_1_wrapper_1/hw/design_1_wrapper.xsa
TRACE::2021-07-21.18:46:46::SCWPlatform:: Unique name xilinx:arty-a7-35::0.0
TRACE::2021-07-21.18:46:46::SCWPlatform::Trying to set the existing hwdb with name design_1_wrapper_0
TRACE::2021-07-21.18:46:46::SCWPlatform::Opened existing hwdb design_1_wrapper_0
TRACE::2021-07-21.18:46:46::SCWPlatform::Found the Hw Db part of the input DSA
TRACE::2021-07-21.18:46:46::SCWMssOS::Checking the sw design at  /home/norian/Documents/github/SideChannelAtt/pourgithub/microblaze_GPIO/AES/design_1_wrapper_1/microblaze_0/standalone_microblaze_0/bsp/system.mss
TRACE::2021-07-21.18:46:46::SCWMssOS::DEBUG:  swdes dump  /home/norian/Documents/github/SideChannelAtt/pourgithub/microblaze_GPIO/AES/design_1_wrapper_1/microblaze_0/standalone_microblaze_0/bsp/system.mss|system||

TRACE::2021-07-21.18:46:46::SCWMssOS::Sw design exists and opened at  /home/norian/Documents/github/SideChannelAtt/pourgithub/microblaze_GPIO/AES/design_1_wrapper_1/microblaze_0/standalone_microblaze_0/bsp/system.mss
TRACE::2021-07-21.18:46:46::SCWWriter::formatted JSON is {
	"platformName":	"design_1_wrapper_1",
	"sprVersion":	"2.0",
	"mode":	"gui",
	"dsaType":	"Fixed",
	"platformDesc":	"design_1_wrapper_1",
	"platHandOff":	"/home/norian/Documents/github/SideChannelAtt/pourgithub/microblaze_GPIO/AES/design_1_wrapper.xsa",
	"platIntHandOff":	"<platformDir>/hw/design_1_wrapper.xsa",
	"deviceType":	"FPGA",
	"platIsPrebuiltAutogen":	"false",
	"platIsNoBootBsp":	"false",
	"hasFsblMakeHasChanges":	"false",
	"hasPmufwMakeHasChanges":	"false",
	"platPreBuiltFlag":	false,
	"platformSamplesDir":	"",
	"platActiveSys":	"design_1_wrapper_1",
	"systems":	[{
			"systemName":	"design_1_wrapper_1",
			"systemDesc":	"design_1_wrapper_1",
			"sysIsBootAutoGen":	"true",
			"systemDispName":	"design_1_wrapper_1",
			"sysActiveDom":	"standalone_microblaze_0",
			"sysDefaultDom":	"standalone_microblaze_0",
			"domains":	[{
					"domainName":	"standalone_microblaze_0",
					"domainDispName":	"standalone_microblaze_0",
					"domainDesc":	"standalone_microblaze_0",
					"processors":	"microblaze_0",
					"os":	"standalone",
					"sdxOs":	"standalone",
					"debugEnable":	"False",
					"domRuntimes":	["cpp"],
					"swRepo":	"",
					"mssOsVer":	"7.3",
					"mssFile":	"",
					"md5Digest":	"563c6263be4f9325d9779002dead934f",
					"compatibleApp":	"hello_world",
					"domType":	"mssDomain",
					"arch":	"32-bit",
					"appSettings":	{
						"appCompilerFlags":	"",
						"appLinkerFlags":	""
					},
					"addedLibs":	[],
					"libOptions":	{
						"libsContainingOptions":	[]
					},
					"prebuiltLibs":	{
						"prebuiltIncPath":	[],
						"prebuiltLibPath":	[]
					},
					"isolation":	{
					}
				}]
		}]
}
LOG::2021-07-21.18:46:46::SCWPlatform::Started generating the artifacts platform design_1_wrapper_1
TRACE::2021-07-21.18:46:46::SCWPlatform::Sanity checking of platform is completed
LOG::2021-07-21.18:46:46::SCWPlatform::Started generating the artifacts for system configuration design_1_wrapper_1
LOG::2021-07-21.18:46:46::SCWSystem::Checking the domain standalone_microblaze_0
LOG::2021-07-21.18:46:46::SCWSystem::Not a boot domain 
LOG::2021-07-21.18:46:46::SCWSystem::Started Processing the domain standalone_microblaze_0
TRACE::2021-07-21.18:46:46::SCWDomain::Generating domain artifcats
TRACE::2021-07-21.18:46:46::SCWMssOS::Generating standalone artifcats
TRACE::2021-07-21.18:46:46::SCWMssOS:: Copying the user libraries. 
TRACE::2021-07-21.18:46:46::SCWPlatform::Trying to open the hw design at /home/norian/Documents/github/SideChannelAtt/pourgithub/microblaze_GPIO/AES/design_1_wrapper_1/hw/design_1_wrapper.xsa
TRACE::2021-07-21.18:46:46::SCWPlatform::DSA given /home/norian/Documents/github/SideChannelAtt/pourgithub/microblaze_GPIO/AES/design_1_wrapper_1/hw/design_1_wrapper.xsa
TRACE::2021-07-21.18:46:46::SCWPlatform::DSA absoulate path /home/norian/Documents/github/SideChannelAtt/pourgithub/microblaze_GPIO/AES/design_1_wrapper_1/hw/design_1_wrapper.xsa
TRACE::2021-07-21.18:46:46::SCWPlatform::DSA directory /home/norian/Documents/github/SideChannelAtt/pourgithub/microblaze_GPIO/AES/design_1_wrapper_1/hw
TRACE::2021-07-21.18:46:46::SCWPlatform:: Platform Path /home/norian/Documents/github/SideChannelAtt/pourgithub/microblaze_GPIO/AES/design_1_wrapper_1/hw/design_1_wrapper.xsa
TRACE::2021-07-21.18:46:46::SCWPlatform:: Unique name xilinx:arty-a7-35::0.0
TRACE::2021-07-21.18:46:46::SCWPlatform::Trying to set the existing hwdb with name design_1_wrapper_0
TRACE::2021-07-21.18:46:46::SCWPlatform::Opened existing hwdb design_1_wrapper_0
TRACE::2021-07-21.18:46:46::SCWPlatform::Found the Hw Db part of the input DSA
TRACE::2021-07-21.18:46:46::SCWMssOS::Checking the sw design at  /home/norian/Documents/github/SideChannelAtt/pourgithub/microblaze_GPIO/AES/design_1_wrapper_1/microblaze_0/standalone_microblaze_0/bsp/system.mss
TRACE::2021-07-21.18:46:46::SCWMssOS::DEBUG:  swdes dump  /home/norian/Documents/github/SideChannelAtt/pourgithub/microblaze_GPIO/AES/design_1_wrapper_1/microblaze_0/standalone_microblaze_0/bsp/system.mss|system||

TRACE::2021-07-21.18:46:46::SCWMssOS::Sw design exists and opened at  /home/norian/Documents/github/SideChannelAtt/pourgithub/microblaze_GPIO/AES/design_1_wrapper_1/microblaze_0/standalone_microblaze_0/bsp/system.mss
TRACE::2021-07-21.18:46:46::SCWMssOS::Completed writing the mss file at /home/norian/Documents/github/SideChannelAtt/pourgithub/microblaze_GPIO/AES/design_1_wrapper_1/microblaze_0/standalone_microblaze_0/bsp
TRACE::2021-07-21.18:46:46::SCWMssOS::Mss edits present, copying mssfile into export location /home/norian/Documents/github/SideChannelAtt/pourgithub/microblaze_GPIO/AES/design_1_wrapper_1/microblaze_0/standalone_microblaze_0/bsp/system.mss
TRACE::2021-07-21.18:46:46::SCWMssOS::bsp generated is upto date with the mss file. Skipping bsp generation.
TRACE::2021-07-21.18:46:46::SCWMssOS::BSP is already built. skipping the bsp build ... 
TRACE::2021-07-21.18:46:46::SCWDomain::Skipping the build for domain :  standalone_microblaze_0
TRACE::2021-07-21.18:46:46::SCWMssOS::skipping the bsp build ... 
TRACE::2021-07-21.18:46:46::SCWMssOS::Copying to export directory.
TRACE::2021-07-21.18:46:46::SCWMssOS:: Checking if to create the Supporting Applications
TRACE::2021-07-21.18:46:46::SCWMssOS:: No Linux domain exists, trying to generate FSBL 
LOG::2021-07-21.18:46:46::SCWSystem::Completed Processing the domain standalone_microblaze_0
LOG::2021-07-21.18:46:46::SCWSystem::Completed Processing the sysconfig design_1_wrapper_1
LOG::2021-07-21.18:46:46::SCWPlatform::Completed generating the artifacts for system configuration design_1_wrapper_1
TRACE::2021-07-21.18:46:46::SCWPlatform::Started preparing the platform 
TRACE::2021-07-21.18:46:46::SCWSystem::Writing the bif file for system config design_1_wrapper_1
TRACE::2021-07-21.18:46:46::SCWSystem::dir created 
TRACE::2021-07-21.18:46:46::SCWSystem::Writing the bif 
TRACE::2021-07-21.18:46:46::SCWPlatform::Started writing the spfm file 
TRACE::2021-07-21.18:46:46::SCWPlatform::Started writing the xpfm file 
TRACE::2021-07-21.18:46:46::SCWPlatform::Completed generating the platform
TRACE::2021-07-21.18:46:46::SCWMssOS::Saving the mss changes /home/norian/Documents/github/SideChannelAtt/pourgithub/microblaze_GPIO/AES/design_1_wrapper_1/microblaze_0/standalone_microblaze_0/bsp/system.mss
TRACE::2021-07-21.18:46:46::SCWMssOS::Found a swdesign opened with the mssfile.
TRACE::2021-07-21.18:46:46::SCWMssOS::Completed writemss as part of save.
TRACE::2021-07-21.18:46:46::SCWMssOS::Commit changes completed.
TRACE::2021-07-21.18:46:46::SCWPlatform::Trying to open the hw design at /home/norian/Documents/github/SideChannelAtt/pourgithub/microblaze_GPIO/AES/design_1_wrapper_1/hw/design_1_wrapper.xsa
TRACE::2021-07-21.18:46:46::SCWPlatform::DSA given /home/norian/Documents/github/SideChannelAtt/pourgithub/microblaze_GPIO/AES/design_1_wrapper_1/hw/design_1_wrapper.xsa
TRACE::2021-07-21.18:46:46::SCWPlatform::DSA absoulate path /home/norian/Documents/github/SideChannelAtt/pourgithub/microblaze_GPIO/AES/design_1_wrapper_1/hw/design_1_wrapper.xsa
TRACE::2021-07-21.18:46:46::SCWPlatform::DSA directory /home/norian/Documents/github/SideChannelAtt/pourgithub/microblaze_GPIO/AES/design_1_wrapper_1/hw
TRACE::2021-07-21.18:46:46::SCWPlatform:: Platform Path /home/norian/Documents/github/SideChannelAtt/pourgithub/microblaze_GPIO/AES/design_1_wrapper_1/hw/design_1_wrapper.xsa
TRACE::2021-07-21.18:46:46::SCWPlatform:: Unique name xilinx:arty-a7-35::0.0
TRACE::2021-07-21.18:46:46::SCWPlatform::Trying to set the existing hwdb with name design_1_wrapper_0
TRACE::2021-07-21.18:46:46::SCWPlatform::Opened existing hwdb design_1_wrapper_0
TRACE::2021-07-21.18:46:46::SCWPlatform::Found the Hw Db part of the input DSA
TRACE::2021-07-21.18:46:46::SCWMssOS::Checking the sw design at  /home/norian/Documents/github/SideChannelAtt/pourgithub/microblaze_GPIO/AES/design_1_wrapper_1/microblaze_0/standalone_microblaze_0/bsp/system.mss
TRACE::2021-07-21.18:46:46::SCWMssOS::DEBUG:  swdes dump  /home/norian/Documents/github/SideChannelAtt/pourgithub/microblaze_GPIO/AES/design_1_wrapper_1/microblaze_0/standalone_microblaze_0/bsp/system.mss|system||

TRACE::2021-07-21.18:46:46::SCWMssOS::Sw design exists and opened at  /home/norian/Documents/github/SideChannelAtt/pourgithub/microblaze_GPIO/AES/design_1_wrapper_1/microblaze_0/standalone_microblaze_0/bsp/system.mss
TRACE::2021-07-21.18:46:46::SCWPlatform::Trying to open the hw design at /home/norian/Documents/github/SideChannelAtt/pourgithub/microblaze_GPIO/AES/design_1_wrapper_1/hw/design_1_wrapper.xsa
TRACE::2021-07-21.18:46:46::SCWPlatform::DSA given /home/norian/Documents/github/SideChannelAtt/pourgithub/microblaze_GPIO/AES/design_1_wrapper_1/hw/design_1_wrapper.xsa
TRACE::2021-07-21.18:46:46::SCWPlatform::DSA absoulate path /home/norian/Documents/github/SideChannelAtt/pourgithub/microblaze_GPIO/AES/design_1_wrapper_1/hw/design_1_wrapper.xsa
TRACE::2021-07-21.18:46:46::SCWPlatform::DSA directory /home/norian/Documents/github/SideChannelAtt/pourgithub/microblaze_GPIO/AES/design_1_wrapper_1/hw
TRACE::2021-07-21.18:46:46::SCWPlatform:: Platform Path /home/norian/Documents/github/SideChannelAtt/pourgithub/microblaze_GPIO/AES/design_1_wrapper_1/hw/design_1_wrapper.xsa
TRACE::2021-07-21.18:46:46::SCWPlatform:: Unique name xilinx:arty-a7-35::0.0
TRACE::2021-07-21.18:46:46::SCWPlatform::Trying to set the existing hwdb with name design_1_wrapper_0
TRACE::2021-07-21.18:46:46::SCWPlatform::Opened existing hwdb design_1_wrapper_0
TRACE::2021-07-21.18:46:46::SCWPlatform::Found the Hw Db part of the input DSA
TRACE::2021-07-21.18:46:46::SCWMssOS::Checking the sw design at  /home/norian/Documents/github/SideChannelAtt/pourgithub/microblaze_GPIO/AES/design_1_wrapper_1/microblaze_0/standalone_microblaze_0/bsp/system.mss
TRACE::2021-07-21.18:46:46::SCWMssOS::DEBUG:  swdes dump  /home/norian/Documents/github/SideChannelAtt/pourgithub/microblaze_GPIO/AES/design_1_wrapper_1/microblaze_0/standalone_microblaze_0/bsp/system.mss|system||

TRACE::2021-07-21.18:46:46::SCWMssOS::Sw design exists and opened at  /home/norian/Documents/github/SideChannelAtt/pourgithub/microblaze_GPIO/AES/design_1_wrapper_1/microblaze_0/standalone_microblaze_0/bsp/system.mss
TRACE::2021-07-21.18:46:46::SCWPlatform::Trying to open the hw design at /home/norian/Documents/github/SideChannelAtt/pourgithub/microblaze_GPIO/AES/design_1_wrapper_1/hw/design_1_wrapper.xsa
TRACE::2021-07-21.18:46:46::SCWPlatform::DSA given /home/norian/Documents/github/SideChannelAtt/pourgithub/microblaze_GPIO/AES/design_1_wrapper_1/hw/design_1_wrapper.xsa
TRACE::2021-07-21.18:46:46::SCWPlatform::DSA absoulate path /home/norian/Documents/github/SideChannelAtt/pourgithub/microblaze_GPIO/AES/design_1_wrapper_1/hw/design_1_wrapper.xsa
TRACE::2021-07-21.18:46:46::SCWPlatform::DSA directory /home/norian/Documents/github/SideChannelAtt/pourgithub/microblaze_GPIO/AES/design_1_wrapper_1/hw
TRACE::2021-07-21.18:46:46::SCWPlatform:: Platform Path /home/norian/Documents/github/SideChannelAtt/pourgithub/microblaze_GPIO/AES/design_1_wrapper_1/hw/design_1_wrapper.xsa
TRACE::2021-07-21.18:46:46::SCWPlatform:: Unique name xilinx:arty-a7-35::0.0
TRACE::2021-07-21.18:46:46::SCWPlatform::Trying to set the existing hwdb with name design_1_wrapper_0
TRACE::2021-07-21.18:46:46::SCWPlatform::Opened existing hwdb design_1_wrapper_0
TRACE::2021-07-21.18:46:46::SCWPlatform::Found the Hw Db part of the input DSA
TRACE::2021-07-21.18:46:46::SCWMssOS::Checking the sw design at  /home/norian/Documents/github/SideChannelAtt/pourgithub/microblaze_GPIO/AES/design_1_wrapper_1/microblaze_0/standalone_microblaze_0/bsp/system.mss
TRACE::2021-07-21.18:46:46::SCWMssOS::DEBUG:  swdes dump  /home/norian/Documents/github/SideChannelAtt/pourgithub/microblaze_GPIO/AES/design_1_wrapper_1/microblaze_0/standalone_microblaze_0/bsp/system.mss|system||

TRACE::2021-07-21.18:46:46::SCWMssOS::Sw design exists and opened at  /home/norian/Documents/github/SideChannelAtt/pourgithub/microblaze_GPIO/AES/design_1_wrapper_1/microblaze_0/standalone_microblaze_0/bsp/system.mss
TRACE::2021-07-21.18:46:46::SCWWriter::formatted JSON is {
	"platformName":	"design_1_wrapper_1",
	"sprVersion":	"2.0",
	"mode":	"gui",
	"dsaType":	"Fixed",
	"platformDesc":	"design_1_wrapper_1",
	"platHandOff":	"/home/norian/Documents/github/SideChannelAtt/pourgithub/microblaze_GPIO/AES/design_1_wrapper.xsa",
	"platIntHandOff":	"<platformDir>/hw/design_1_wrapper.xsa",
	"deviceType":	"FPGA",
	"platIsPrebuiltAutogen":	"false",
	"platIsNoBootBsp":	"false",
	"hasFsblMakeHasChanges":	"false",
	"hasPmufwMakeHasChanges":	"false",
	"platPreBuiltFlag":	false,
	"platformSamplesDir":	"",
	"platActiveSys":	"design_1_wrapper_1",
	"systems":	[{
			"systemName":	"design_1_wrapper_1",
			"systemDesc":	"design_1_wrapper_1",
			"sysIsBootAutoGen":	"true",
			"systemDispName":	"design_1_wrapper_1",
			"sysActiveDom":	"standalone_microblaze_0",
			"sysDefaultDom":	"standalone_microblaze_0",
			"domains":	[{
					"domainName":	"standalone_microblaze_0",
					"domainDispName":	"standalone_microblaze_0",
					"domainDesc":	"standalone_microblaze_0",
					"processors":	"microblaze_0",
					"os":	"standalone",
					"sdxOs":	"standalone",
					"debugEnable":	"False",
					"domRuntimes":	["cpp"],
					"swRepo":	"",
					"mssOsVer":	"7.3",
					"mssFile":	"",
					"md5Digest":	"563c6263be4f9325d9779002dead934f",
					"compatibleApp":	"hello_world",
					"domType":	"mssDomain",
					"arch":	"32-bit",
					"appSettings":	{
						"appCompilerFlags":	"",
						"appLinkerFlags":	""
					},
					"addedLibs":	[],
					"libOptions":	{
						"libsContainingOptions":	[]
					},
					"prebuiltLibs":	{
						"prebuiltIncPath":	[],
						"prebuiltLibPath":	[]
					},
					"isolation":	{
					}
				}]
		}]
}
KEYINFO::2021-07-21.18:46:46::SCWPlatform::updated the xpfm file.
TRACE::2021-07-21.18:46:46::SCWPlatform::Trying to open the hw design at /home/norian/Documents/github/SideChannelAtt/pourgithub/microblaze_GPIO/AES/design_1_wrapper_1/hw/design_1_wrapper.xsa
TRACE::2021-07-21.18:46:46::SCWPlatform::DSA given /home/norian/Documents/github/SideChannelAtt/pourgithub/microblaze_GPIO/AES/design_1_wrapper_1/hw/design_1_wrapper.xsa
TRACE::2021-07-21.18:46:46::SCWPlatform::DSA absoulate path /home/norian/Documents/github/SideChannelAtt/pourgithub/microblaze_GPIO/AES/design_1_wrapper_1/hw/design_1_wrapper.xsa
TRACE::2021-07-21.18:46:46::SCWPlatform::DSA directory /home/norian/Documents/github/SideChannelAtt/pourgithub/microblaze_GPIO/AES/design_1_wrapper_1/hw
TRACE::2021-07-21.18:46:46::SCWPlatform:: Platform Path /home/norian/Documents/github/SideChannelAtt/pourgithub/microblaze_GPIO/AES/design_1_wrapper_1/hw/design_1_wrapper.xsa
TRACE::2021-07-21.18:46:46::SCWPlatform:: Unique name xilinx:arty-a7-35::0.0
TRACE::2021-07-21.18:46:46::SCWPlatform::Trying to set the existing hwdb with name design_1_wrapper_0
TRACE::2021-07-21.18:46:46::SCWPlatform::Opened existing hwdb design_1_wrapper_0
TRACE::2021-07-21.18:46:46::SCWPlatform::Found the Hw Db part of the input DSA
TRACE::2021-07-21.18:46:46::SCWMssOS::Checking the sw design at  /home/norian/Documents/github/SideChannelAtt/pourgithub/microblaze_GPIO/AES/design_1_wrapper_1/microblaze_0/standalone_microblaze_0/bsp/system.mss
TRACE::2021-07-21.18:46:46::SCWMssOS::DEBUG:  swdes dump  /home/norian/Documents/github/SideChannelAtt/pourgithub/microblaze_GPIO/AES/design_1_wrapper_1/microblaze_0/standalone_microblaze_0/bsp/system.mss|system||

TRACE::2021-07-21.18:46:46::SCWMssOS::Sw design exists and opened at  /home/norian/Documents/github/SideChannelAtt/pourgithub/microblaze_GPIO/AES/design_1_wrapper_1/microblaze_0/standalone_microblaze_0/bsp/system.mss
TRACE::2021-07-21.18:46:46::SCWMssOS::Saving the mss changes /home/norian/Documents/github/SideChannelAtt/pourgithub/microblaze_GPIO/AES/design_1_wrapper_1/microblaze_0/standalone_microblaze_0/bsp/system.mss
TRACE::2021-07-21.18:46:46::SCWMssOS::Found a swdesign opened with the mssfile.
TRACE::2021-07-21.18:46:46::SCWMssOS::Completed writemss as part of save.
TRACE::2021-07-21.18:46:46::SCWMssOS::Commit changes completed.
TRACE::2021-07-21.18:46:46::SCWPlatform::Trying to open the hw design at /home/norian/Documents/github/SideChannelAtt/pourgithub/microblaze_GPIO/AES/design_1_wrapper_1/hw/design_1_wrapper.xsa
TRACE::2021-07-21.18:46:46::SCWPlatform::DSA given /home/norian/Documents/github/SideChannelAtt/pourgithub/microblaze_GPIO/AES/design_1_wrapper_1/hw/design_1_wrapper.xsa
TRACE::2021-07-21.18:46:46::SCWPlatform::DSA absoulate path /home/norian/Documents/github/SideChannelAtt/pourgithub/microblaze_GPIO/AES/design_1_wrapper_1/hw/design_1_wrapper.xsa
TRACE::2021-07-21.18:46:46::SCWPlatform::DSA directory /home/norian/Documents/github/SideChannelAtt/pourgithub/microblaze_GPIO/AES/design_1_wrapper_1/hw
TRACE::2021-07-21.18:46:46::SCWPlatform:: Platform Path /home/norian/Documents/github/SideChannelAtt/pourgithub/microblaze_GPIO/AES/design_1_wrapper_1/hw/design_1_wrapper.xsa
TRACE::2021-07-21.18:46:46::SCWPlatform:: Unique name xilinx:arty-a7-35::0.0
TRACE::2021-07-21.18:46:46::SCWPlatform::Trying to set the existing hwdb with name design_1_wrapper_0
TRACE::2021-07-21.18:46:46::SCWPlatform::Opened existing hwdb design_1_wrapper_0
TRACE::2021-07-21.18:46:46::SCWPlatform::Found the Hw Db part of the input DSA
TRACE::2021-07-21.18:46:46::SCWMssOS::Checking the sw design at  /home/norian/Documents/github/SideChannelAtt/pourgithub/microblaze_GPIO/AES/design_1_wrapper_1/microblaze_0/standalone_microblaze_0/bsp/system.mss
TRACE::2021-07-21.18:46:46::SCWMssOS::DEBUG:  swdes dump  /home/norian/Documents/github/SideChannelAtt/pourgithub/microblaze_GPIO/AES/design_1_wrapper_1/microblaze_0/standalone_microblaze_0/bsp/system.mss|system||

TRACE::2021-07-21.18:46:46::SCWMssOS::Sw design exists and opened at  /home/norian/Documents/github/SideChannelAtt/pourgithub/microblaze_GPIO/AES/design_1_wrapper_1/microblaze_0/standalone_microblaze_0/bsp/system.mss
TRACE::2021-07-21.18:46:46::SCWPlatform::Trying to open the hw design at /home/norian/Documents/github/SideChannelAtt/pourgithub/microblaze_GPIO/AES/design_1_wrapper_1/hw/design_1_wrapper.xsa
TRACE::2021-07-21.18:46:46::SCWPlatform::DSA given /home/norian/Documents/github/SideChannelAtt/pourgithub/microblaze_GPIO/AES/design_1_wrapper_1/hw/design_1_wrapper.xsa
TRACE::2021-07-21.18:46:46::SCWPlatform::DSA absoulate path /home/norian/Documents/github/SideChannelAtt/pourgithub/microblaze_GPIO/AES/design_1_wrapper_1/hw/design_1_wrapper.xsa
TRACE::2021-07-21.18:46:46::SCWPlatform::DSA directory /home/norian/Documents/github/SideChannelAtt/pourgithub/microblaze_GPIO/AES/design_1_wrapper_1/hw
TRACE::2021-07-21.18:46:46::SCWPlatform:: Platform Path /home/norian/Documents/github/SideChannelAtt/pourgithub/microblaze_GPIO/AES/design_1_wrapper_1/hw/design_1_wrapper.xsa
TRACE::2021-07-21.18:46:46::SCWPlatform:: Unique name xilinx:arty-a7-35::0.0
TRACE::2021-07-21.18:46:46::SCWPlatform::Trying to set the existing hwdb with name design_1_wrapper_0
TRACE::2021-07-21.18:46:46::SCWPlatform::Opened existing hwdb design_1_wrapper_0
TRACE::2021-07-21.18:46:46::SCWPlatform::Found the Hw Db part of the input DSA
TRACE::2021-07-21.18:46:46::SCWMssOS::Checking the sw design at  /home/norian/Documents/github/SideChannelAtt/pourgithub/microblaze_GPIO/AES/design_1_wrapper_1/microblaze_0/standalone_microblaze_0/bsp/system.mss
TRACE::2021-07-21.18:46:46::SCWMssOS::DEBUG:  swdes dump  /home/norian/Documents/github/SideChannelAtt/pourgithub/microblaze_GPIO/AES/design_1_wrapper_1/microblaze_0/standalone_microblaze_0/bsp/system.mss|system||

TRACE::2021-07-21.18:46:46::SCWMssOS::Sw design exists and opened at  /home/norian/Documents/github/SideChannelAtt/pourgithub/microblaze_GPIO/AES/design_1_wrapper_1/microblaze_0/standalone_microblaze_0/bsp/system.mss
TRACE::2021-07-21.18:46:46::SCWPlatform::Trying to open the hw design at /home/norian/Documents/github/SideChannelAtt/pourgithub/microblaze_GPIO/AES/design_1_wrapper_1/hw/design_1_wrapper.xsa
TRACE::2021-07-21.18:46:46::SCWPlatform::DSA given /home/norian/Documents/github/SideChannelAtt/pourgithub/microblaze_GPIO/AES/design_1_wrapper_1/hw/design_1_wrapper.xsa
TRACE::2021-07-21.18:46:46::SCWPlatform::DSA absoulate path /home/norian/Documents/github/SideChannelAtt/pourgithub/microblaze_GPIO/AES/design_1_wrapper_1/hw/design_1_wrapper.xsa
TRACE::2021-07-21.18:46:46::SCWPlatform::DSA directory /home/norian/Documents/github/SideChannelAtt/pourgithub/microblaze_GPIO/AES/design_1_wrapper_1/hw
TRACE::2021-07-21.18:46:46::SCWPlatform:: Platform Path /home/norian/Documents/github/SideChannelAtt/pourgithub/microblaze_GPIO/AES/design_1_wrapper_1/hw/design_1_wrapper.xsa
TRACE::2021-07-21.18:46:46::SCWPlatform:: Unique name xilinx:arty-a7-35::0.0
TRACE::2021-07-21.18:46:46::SCWPlatform::Trying to set the existing hwdb with name design_1_wrapper_0
TRACE::2021-07-21.18:46:46::SCWPlatform::Opened existing hwdb design_1_wrapper_0
TRACE::2021-07-21.18:46:46::SCWPlatform::Found the Hw Db part of the input DSA
TRACE::2021-07-21.18:46:46::SCWMssOS::Checking the sw design at  /home/norian/Documents/github/SideChannelAtt/pourgithub/microblaze_GPIO/AES/design_1_wrapper_1/microblaze_0/standalone_microblaze_0/bsp/system.mss
TRACE::2021-07-21.18:46:46::SCWMssOS::DEBUG:  swdes dump  /home/norian/Documents/github/SideChannelAtt/pourgithub/microblaze_GPIO/AES/design_1_wrapper_1/microblaze_0/standalone_microblaze_0/bsp/system.mss|system||

TRACE::2021-07-21.18:46:46::SCWMssOS::Sw design exists and opened at  /home/norian/Documents/github/SideChannelAtt/pourgithub/microblaze_GPIO/AES/design_1_wrapper_1/microblaze_0/standalone_microblaze_0/bsp/system.mss
TRACE::2021-07-21.18:46:46::SCWWriter::formatted JSON is {
	"platformName":	"design_1_wrapper_1",
	"sprVersion":	"2.0",
	"mode":	"gui",
	"dsaType":	"Fixed",
	"platformDesc":	"design_1_wrapper_1",
	"platHandOff":	"/home/norian/Documents/github/SideChannelAtt/pourgithub/microblaze_GPIO/AES/design_1_wrapper.xsa",
	"platIntHandOff":	"<platformDir>/hw/design_1_wrapper.xsa",
	"deviceType":	"FPGA",
	"platIsPrebuiltAutogen":	"false",
	"platIsNoBootBsp":	"false",
	"hasFsblMakeHasChanges":	"false",
	"hasPmufwMakeHasChanges":	"false",
	"platPreBuiltFlag":	false,
	"platformSamplesDir":	"",
	"platActiveSys":	"design_1_wrapper_1",
	"systems":	[{
			"systemName":	"design_1_wrapper_1",
			"systemDesc":	"design_1_wrapper_1",
			"sysIsBootAutoGen":	"true",
			"systemDispName":	"design_1_wrapper_1",
			"sysActiveDom":	"standalone_microblaze_0",
			"sysDefaultDom":	"standalone_microblaze_0",
			"domains":	[{
					"domainName":	"standalone_microblaze_0",
					"domainDispName":	"standalone_microblaze_0",
					"domainDesc":	"standalone_microblaze_0",
					"processors":	"microblaze_0",
					"os":	"standalone",
					"sdxOs":	"standalone",
					"debugEnable":	"False",
					"domRuntimes":	["cpp"],
					"swRepo":	"",
					"mssOsVer":	"7.3",
					"mssFile":	"",
					"md5Digest":	"563c6263be4f9325d9779002dead934f",
					"compatibleApp":	"hello_world",
					"domType":	"mssDomain",
					"arch":	"32-bit",
					"appSettings":	{
						"appCompilerFlags":	"",
						"appLinkerFlags":	""
					},
					"addedLibs":	[],
					"libOptions":	{
						"libsContainingOptions":	[]
					},
					"prebuiltLibs":	{
						"prebuiltIncPath":	[],
						"prebuiltLibPath":	[]
					},
					"isolation":	{
					}
				}]
		}]
}
TRACE::2021-07-21.18:46:46::SCWPlatform::Trying to open the hw design at /home/norian/Documents/github/SideChannelAtt/pourgithub/microblaze_GPIO/AES/design_1_wrapper_1/hw/design_1_wrapper.xsa
TRACE::2021-07-21.18:46:46::SCWPlatform::DSA given /home/norian/Documents/github/SideChannelAtt/pourgithub/microblaze_GPIO/AES/design_1_wrapper_1/hw/design_1_wrapper.xsa
TRACE::2021-07-21.18:46:46::SCWPlatform::DSA absoulate path /home/norian/Documents/github/SideChannelAtt/pourgithub/microblaze_GPIO/AES/design_1_wrapper_1/hw/design_1_wrapper.xsa
TRACE::2021-07-21.18:46:46::SCWPlatform::DSA directory /home/norian/Documents/github/SideChannelAtt/pourgithub/microblaze_GPIO/AES/design_1_wrapper_1/hw
TRACE::2021-07-21.18:46:46::SCWPlatform:: Platform Path /home/norian/Documents/github/SideChannelAtt/pourgithub/microblaze_GPIO/AES/design_1_wrapper_1/hw/design_1_wrapper.xsa
TRACE::2021-07-21.18:46:46::SCWPlatform:: Unique name xilinx:arty-a7-35::0.0
TRACE::2021-07-21.18:46:46::SCWPlatform::Trying to set the existing hwdb with name design_1_wrapper_0
TRACE::2021-07-21.18:46:46::SCWPlatform::Opened existing hwdb design_1_wrapper_0
TRACE::2021-07-21.18:46:46::SCWPlatform::Found the Hw Db part of the input DSA
TRACE::2021-07-21.18:46:46::SCWMssOS::Checking the sw design at  /home/norian/Documents/github/SideChannelAtt/pourgithub/microblaze_GPIO/AES/design_1_wrapper_1/microblaze_0/standalone_microblaze_0/bsp/system.mss
TRACE::2021-07-21.18:46:46::SCWMssOS::DEBUG:  swdes dump  /home/norian/Documents/github/SideChannelAtt/pourgithub/microblaze_GPIO/AES/design_1_wrapper_1/microblaze_0/standalone_microblaze_0/bsp/system.mss|system||

TRACE::2021-07-21.18:46:46::SCWMssOS::Sw design exists and opened at  /home/norian/Documents/github/SideChannelAtt/pourgithub/microblaze_GPIO/AES/design_1_wrapper_1/microblaze_0/standalone_microblaze_0/bsp/system.mss
TRACE::2021-07-21.18:46:46::SCWPlatform::Trying to open the hw design at /home/norian/Documents/github/SideChannelAtt/pourgithub/microblaze_GPIO/AES/design_1_wrapper_1/hw/design_1_wrapper.xsa
TRACE::2021-07-21.18:46:46::SCWPlatform::DSA given /home/norian/Documents/github/SideChannelAtt/pourgithub/microblaze_GPIO/AES/design_1_wrapper_1/hw/design_1_wrapper.xsa
TRACE::2021-07-21.18:46:46::SCWPlatform::DSA absoulate path /home/norian/Documents/github/SideChannelAtt/pourgithub/microblaze_GPIO/AES/design_1_wrapper_1/hw/design_1_wrapper.xsa
TRACE::2021-07-21.18:46:46::SCWPlatform::DSA directory /home/norian/Documents/github/SideChannelAtt/pourgithub/microblaze_GPIO/AES/design_1_wrapper_1/hw
TRACE::2021-07-21.18:46:46::SCWPlatform:: Platform Path /home/norian/Documents/github/SideChannelAtt/pourgithub/microblaze_GPIO/AES/design_1_wrapper_1/hw/design_1_wrapper.xsa
TRACE::2021-07-21.18:46:46::SCWPlatform:: Unique name xilinx:arty-a7-35::0.0
TRACE::2021-07-21.18:46:46::SCWPlatform::Trying to set the existing hwdb with name design_1_wrapper_0
TRACE::2021-07-21.18:46:46::SCWPlatform::Opened existing hwdb design_1_wrapper_0
TRACE::2021-07-21.18:46:46::SCWPlatform::Found the Hw Db part of the input DSA
TRACE::2021-07-21.18:46:46::SCWMssOS::Checking the sw design at  /home/norian/Documents/github/SideChannelAtt/pourgithub/microblaze_GPIO/AES/design_1_wrapper_1/microblaze_0/standalone_microblaze_0/bsp/system.mss
TRACE::2021-07-21.18:46:46::SCWMssOS::DEBUG:  swdes dump  /home/norian/Documents/github/SideChannelAtt/pourgithub/microblaze_GPIO/AES/design_1_wrapper_1/microblaze_0/standalone_microblaze_0/bsp/system.mss|system||

TRACE::2021-07-21.18:46:46::SCWMssOS::Sw design exists and opened at  /home/norian/Documents/github/SideChannelAtt/pourgithub/microblaze_GPIO/AES/design_1_wrapper_1/microblaze_0/standalone_microblaze_0/bsp/system.mss
TRACE::2021-07-21.18:46:46::SCWMssOS::Saving the mss changes /home/norian/Documents/github/SideChannelAtt/pourgithub/microblaze_GPIO/AES/design_1_wrapper_1/microblaze_0/standalone_microblaze_0/bsp/system.mss
TRACE::2021-07-21.18:46:46::SCWMssOS::Found a swdesign opened with the mssfile.
TRACE::2021-07-21.18:46:46::SCWMssOS::Completed writemss as part of save.
TRACE::2021-07-21.18:46:46::SCWMssOS::Commit changes completed.
TRACE::2021-07-21.18:46:46::SCWPlatform::Trying to open the hw design at /home/norian/Documents/github/SideChannelAtt/pourgithub/microblaze_GPIO/AES/design_1_wrapper_1/hw/design_1_wrapper.xsa
TRACE::2021-07-21.18:46:46::SCWPlatform::DSA given /home/norian/Documents/github/SideChannelAtt/pourgithub/microblaze_GPIO/AES/design_1_wrapper_1/hw/design_1_wrapper.xsa
TRACE::2021-07-21.18:46:46::SCWPlatform::DSA absoulate path /home/norian/Documents/github/SideChannelAtt/pourgithub/microblaze_GPIO/AES/design_1_wrapper_1/hw/design_1_wrapper.xsa
TRACE::2021-07-21.18:46:46::SCWPlatform::DSA directory /home/norian/Documents/github/SideChannelAtt/pourgithub/microblaze_GPIO/AES/design_1_wrapper_1/hw
TRACE::2021-07-21.18:46:46::SCWPlatform:: Platform Path /home/norian/Documents/github/SideChannelAtt/pourgithub/microblaze_GPIO/AES/design_1_wrapper_1/hw/design_1_wrapper.xsa
TRACE::2021-07-21.18:46:46::SCWPlatform:: Unique name xilinx:arty-a7-35::0.0
TRACE::2021-07-21.18:46:46::SCWPlatform::Trying to set the existing hwdb with name design_1_wrapper_0
TRACE::2021-07-21.18:46:46::SCWPlatform::Opened existing hwdb design_1_wrapper_0
TRACE::2021-07-21.18:46:46::SCWPlatform::Found the Hw Db part of the input DSA
TRACE::2021-07-21.18:46:46::SCWMssOS::Checking the sw design at  /home/norian/Documents/github/SideChannelAtt/pourgithub/microblaze_GPIO/AES/design_1_wrapper_1/microblaze_0/standalone_microblaze_0/bsp/system.mss
TRACE::2021-07-21.18:46:46::SCWMssOS::DEBUG:  swdes dump  /home/norian/Documents/github/SideChannelAtt/pourgithub/microblaze_GPIO/AES/design_1_wrapper_1/microblaze_0/standalone_microblaze_0/bsp/system.mss|system||

TRACE::2021-07-21.18:46:46::SCWMssOS::Sw design exists and opened at  /home/norian/Documents/github/SideChannelAtt/pourgithub/microblaze_GPIO/AES/design_1_wrapper_1/microblaze_0/standalone_microblaze_0/bsp/system.mss
TRACE::2021-07-21.18:46:46::SCWPlatform::Trying to open the hw design at /home/norian/Documents/github/SideChannelAtt/pourgithub/microblaze_GPIO/AES/design_1_wrapper_1/hw/design_1_wrapper.xsa
TRACE::2021-07-21.18:46:46::SCWPlatform::DSA given /home/norian/Documents/github/SideChannelAtt/pourgithub/microblaze_GPIO/AES/design_1_wrapper_1/hw/design_1_wrapper.xsa
TRACE::2021-07-21.18:46:46::SCWPlatform::DSA absoulate path /home/norian/Documents/github/SideChannelAtt/pourgithub/microblaze_GPIO/AES/design_1_wrapper_1/hw/design_1_wrapper.xsa
TRACE::2021-07-21.18:46:46::SCWPlatform::DSA directory /home/norian/Documents/github/SideChannelAtt/pourgithub/microblaze_GPIO/AES/design_1_wrapper_1/hw
TRACE::2021-07-21.18:46:46::SCWPlatform:: Platform Path /home/norian/Documents/github/SideChannelAtt/pourgithub/microblaze_GPIO/AES/design_1_wrapper_1/hw/design_1_wrapper.xsa
TRACE::2021-07-21.18:46:46::SCWPlatform:: Unique name xilinx:arty-a7-35::0.0
TRACE::2021-07-21.18:46:46::SCWPlatform::Trying to set the existing hwdb with name design_1_wrapper_0
TRACE::2021-07-21.18:46:46::SCWPlatform::Opened existing hwdb design_1_wrapper_0
TRACE::2021-07-21.18:46:46::SCWPlatform::Found the Hw Db part of the input DSA
TRACE::2021-07-21.18:46:46::SCWMssOS::Checking the sw design at  /home/norian/Documents/github/SideChannelAtt/pourgithub/microblaze_GPIO/AES/design_1_wrapper_1/microblaze_0/standalone_microblaze_0/bsp/system.mss
TRACE::2021-07-21.18:46:46::SCWMssOS::DEBUG:  swdes dump  /home/norian/Documents/github/SideChannelAtt/pourgithub/microblaze_GPIO/AES/design_1_wrapper_1/microblaze_0/standalone_microblaze_0/bsp/system.mss|system||

TRACE::2021-07-21.18:46:46::SCWMssOS::Sw design exists and opened at  /home/norian/Documents/github/SideChannelAtt/pourgithub/microblaze_GPIO/AES/design_1_wrapper_1/microblaze_0/standalone_microblaze_0/bsp/system.mss
TRACE::2021-07-21.18:46:46::SCWPlatform::Trying to open the hw design at /home/norian/Documents/github/SideChannelAtt/pourgithub/microblaze_GPIO/AES/design_1_wrapper_1/hw/design_1_wrapper.xsa
TRACE::2021-07-21.18:46:46::SCWPlatform::DSA given /home/norian/Documents/github/SideChannelAtt/pourgithub/microblaze_GPIO/AES/design_1_wrapper_1/hw/design_1_wrapper.xsa
TRACE::2021-07-21.18:46:46::SCWPlatform::DSA absoulate path /home/norian/Documents/github/SideChannelAtt/pourgithub/microblaze_GPIO/AES/design_1_wrapper_1/hw/design_1_wrapper.xsa
TRACE::2021-07-21.18:46:46::SCWPlatform::DSA directory /home/norian/Documents/github/SideChannelAtt/pourgithub/microblaze_GPIO/AES/design_1_wrapper_1/hw
TRACE::2021-07-21.18:46:46::SCWPlatform:: Platform Path /home/norian/Documents/github/SideChannelAtt/pourgithub/microblaze_GPIO/AES/design_1_wrapper_1/hw/design_1_wrapper.xsa
TRACE::2021-07-21.18:46:46::SCWPlatform:: Unique name xilinx:arty-a7-35::0.0
TRACE::2021-07-21.18:46:46::SCWPlatform::Trying to set the existing hwdb with name design_1_wrapper_0
TRACE::2021-07-21.18:46:46::SCWPlatform::Opened existing hwdb design_1_wrapper_0
TRACE::2021-07-21.18:46:46::SCWPlatform::Found the Hw Db part of the input DSA
TRACE::2021-07-21.18:46:46::SCWMssOS::Checking the sw design at  /home/norian/Documents/github/SideChannelAtt/pourgithub/microblaze_GPIO/AES/design_1_wrapper_1/microblaze_0/standalone_microblaze_0/bsp/system.mss
TRACE::2021-07-21.18:46:46::SCWMssOS::DEBUG:  swdes dump  /home/norian/Documents/github/SideChannelAtt/pourgithub/microblaze_GPIO/AES/design_1_wrapper_1/microblaze_0/standalone_microblaze_0/bsp/system.mss|system||

TRACE::2021-07-21.18:46:46::SCWMssOS::Sw design exists and opened at  /home/norian/Documents/github/SideChannelAtt/pourgithub/microblaze_GPIO/AES/design_1_wrapper_1/microblaze_0/standalone_microblaze_0/bsp/system.mss
TRACE::2021-07-21.18:46:46::SCWWriter::formatted JSON is {
	"platformName":	"design_1_wrapper_1",
	"sprVersion":	"2.0",
	"mode":	"gui",
	"dsaType":	"Fixed",
	"platformDesc":	"design_1_wrapper_1",
	"platHandOff":	"/home/norian/Documents/github/SideChannelAtt/pourgithub/microblaze_GPIO/AES/design_1_wrapper.xsa",
	"platIntHandOff":	"<platformDir>/hw/design_1_wrapper.xsa",
	"deviceType":	"FPGA",
	"platIsPrebuiltAutogen":	"false",
	"platIsNoBootBsp":	"false",
	"hasFsblMakeHasChanges":	"false",
	"hasPmufwMakeHasChanges":	"false",
	"platPreBuiltFlag":	false,
	"platformSamplesDir":	"",
	"platActiveSys":	"design_1_wrapper_1",
	"systems":	[{
			"systemName":	"design_1_wrapper_1",
			"systemDesc":	"design_1_wrapper_1",
			"sysIsBootAutoGen":	"true",
			"systemDispName":	"design_1_wrapper_1",
			"sysActiveDom":	"standalone_microblaze_0",
			"sysDefaultDom":	"standalone_microblaze_0",
			"domains":	[{
					"domainName":	"standalone_microblaze_0",
					"domainDispName":	"standalone_microblaze_0",
					"domainDesc":	"standalone_microblaze_0",
					"processors":	"microblaze_0",
					"os":	"standalone",
					"sdxOs":	"standalone",
					"debugEnable":	"False",
					"domRuntimes":	["cpp"],
					"swRepo":	"",
					"mssOsVer":	"7.3",
					"mssFile":	"",
					"md5Digest":	"563c6263be4f9325d9779002dead934f",
					"compatibleApp":	"hello_world",
					"domType":	"mssDomain",
					"arch":	"32-bit",
					"appSettings":	{
						"appCompilerFlags":	"",
						"appLinkerFlags":	""
					},
					"addedLibs":	[],
					"libOptions":	{
						"libsContainingOptions":	[]
					},
					"prebuiltLibs":	{
						"prebuiltIncPath":	[],
						"prebuiltLibPath":	[]
					},
					"isolation":	{
					}
				}]
		}]
}
LOG::2021-07-21.18:46:46::SCWPlatform::Started generating the artifacts platform design_1_wrapper_1
TRACE::2021-07-21.18:46:46::SCWPlatform::Sanity checking of platform is completed
LOG::2021-07-21.18:46:46::SCWPlatform::Started generating the artifacts for system configuration design_1_wrapper_1
LOG::2021-07-21.18:46:46::SCWSystem::Started Processing the domain standalone_microblaze_0
TRACE::2021-07-21.18:46:46::SCWDomain::Generating domain artifcats
TRACE::2021-07-21.18:46:46::SCWMssOS::Generating standalone artifcats
TRACE::2021-07-21.18:46:46::SCWMssOS:: Copying the user libraries. 
TRACE::2021-07-21.18:46:46::SCWPlatform::Trying to open the hw design at /home/norian/Documents/github/SideChannelAtt/pourgithub/microblaze_GPIO/AES/design_1_wrapper_1/hw/design_1_wrapper.xsa
TRACE::2021-07-21.18:46:46::SCWPlatform::DSA given /home/norian/Documents/github/SideChannelAtt/pourgithub/microblaze_GPIO/AES/design_1_wrapper_1/hw/design_1_wrapper.xsa
TRACE::2021-07-21.18:46:46::SCWPlatform::DSA absoulate path /home/norian/Documents/github/SideChannelAtt/pourgithub/microblaze_GPIO/AES/design_1_wrapper_1/hw/design_1_wrapper.xsa
TRACE::2021-07-21.18:46:46::SCWPlatform::DSA directory /home/norian/Documents/github/SideChannelAtt/pourgithub/microblaze_GPIO/AES/design_1_wrapper_1/hw
TRACE::2021-07-21.18:46:46::SCWPlatform:: Platform Path /home/norian/Documents/github/SideChannelAtt/pourgithub/microblaze_GPIO/AES/design_1_wrapper_1/hw/design_1_wrapper.xsa
TRACE::2021-07-21.18:46:46::SCWPlatform:: Unique name xilinx:arty-a7-35::0.0
TRACE::2021-07-21.18:46:46::SCWPlatform::Trying to set the existing hwdb with name design_1_wrapper_0
TRACE::2021-07-21.18:46:46::SCWPlatform::Opened existing hwdb design_1_wrapper_0
TRACE::2021-07-21.18:46:46::SCWPlatform::Found the Hw Db part of the input DSA
TRACE::2021-07-21.18:46:46::SCWMssOS::Checking the sw design at  /home/norian/Documents/github/SideChannelAtt/pourgithub/microblaze_GPIO/AES/design_1_wrapper_1/microblaze_0/standalone_microblaze_0/bsp/system.mss
TRACE::2021-07-21.18:46:46::SCWMssOS::DEBUG:  swdes dump  /home/norian/Documents/github/SideChannelAtt/pourgithub/microblaze_GPIO/AES/design_1_wrapper_1/microblaze_0/standalone_microblaze_0/bsp/system.mss|system||

TRACE::2021-07-21.18:46:46::SCWMssOS::Sw design exists and opened at  /home/norian/Documents/github/SideChannelAtt/pourgithub/microblaze_GPIO/AES/design_1_wrapper_1/microblaze_0/standalone_microblaze_0/bsp/system.mss
TRACE::2021-07-21.18:46:46::SCWMssOS::Completed writing the mss file at /home/norian/Documents/github/SideChannelAtt/pourgithub/microblaze_GPIO/AES/design_1_wrapper_1/microblaze_0/standalone_microblaze_0/bsp
TRACE::2021-07-21.18:46:46::SCWMssOS::Mss edits present, copying mssfile into export location /home/norian/Documents/github/SideChannelAtt/pourgithub/microblaze_GPIO/AES/design_1_wrapper_1/microblaze_0/standalone_microblaze_0/bsp/system.mss
TRACE::2021-07-21.18:46:46::SCWMssOS::bsp generated is upto date with the mss file. Skipping bsp generation.
TRACE::2021-07-21.18:46:46::SCWMssOS::BSP is already built. skipping the bsp build ... 
TRACE::2021-07-21.18:46:46::SCWDomain::Building the domain as part of full build :  standalone_microblaze_0
TRACE::2021-07-21.18:46:46::SCWMssOS::skipping the bsp build ... 
TRACE::2021-07-21.18:46:46::SCWMssOS::Copying to export directory.
TRACE::2021-07-21.18:46:46::SCWMssOS:: Checking if to create the Supporting Applications
TRACE::2021-07-21.18:46:46::SCWMssOS:: No Linux domain exists, trying to generate FSBL 
LOG::2021-07-21.18:46:46::SCWSystem::Completed Processing the domain standalone_microblaze_0
LOG::2021-07-21.18:46:46::SCWSystem::Completed Processing the sysconfig design_1_wrapper_1
LOG::2021-07-21.18:46:46::SCWPlatform::Completed generating the artifacts for system configuration design_1_wrapper_1
TRACE::2021-07-21.18:46:46::SCWPlatform::Started preparing the platform 
TRACE::2021-07-21.18:46:46::SCWSystem::Writing the bif file for system config design_1_wrapper_1
TRACE::2021-07-21.18:46:46::SCWSystem::dir created 
TRACE::2021-07-21.18:46:46::SCWSystem::Writing the bif 
TRACE::2021-07-21.18:46:46::SCWPlatform::Started writing the spfm file 
TRACE::2021-07-21.18:46:46::SCWPlatform::Started writing the xpfm file 
TRACE::2021-07-21.18:46:46::SCWPlatform::Completed generating the platform
TRACE::2021-07-21.18:46:46::SCWMssOS::Saving the mss changes /home/norian/Documents/github/SideChannelAtt/pourgithub/microblaze_GPIO/AES/design_1_wrapper_1/microblaze_0/standalone_microblaze_0/bsp/system.mss
TRACE::2021-07-21.18:46:46::SCWMssOS::Found a swdesign opened with the mssfile.
TRACE::2021-07-21.18:46:46::SCWMssOS::Completed writemss as part of save.
TRACE::2021-07-21.18:46:46::SCWMssOS::Commit changes completed.
TRACE::2021-07-21.18:46:46::SCWPlatform::Trying to open the hw design at /home/norian/Documents/github/SideChannelAtt/pourgithub/microblaze_GPIO/AES/design_1_wrapper_1/hw/design_1_wrapper.xsa
TRACE::2021-07-21.18:46:46::SCWPlatform::DSA given /home/norian/Documents/github/SideChannelAtt/pourgithub/microblaze_GPIO/AES/design_1_wrapper_1/hw/design_1_wrapper.xsa
TRACE::2021-07-21.18:46:46::SCWPlatform::DSA absoulate path /home/norian/Documents/github/SideChannelAtt/pourgithub/microblaze_GPIO/AES/design_1_wrapper_1/hw/design_1_wrapper.xsa
TRACE::2021-07-21.18:46:46::SCWPlatform::DSA directory /home/norian/Documents/github/SideChannelAtt/pourgithub/microblaze_GPIO/AES/design_1_wrapper_1/hw
TRACE::2021-07-21.18:46:46::SCWPlatform:: Platform Path /home/norian/Documents/github/SideChannelAtt/pourgithub/microblaze_GPIO/AES/design_1_wrapper_1/hw/design_1_wrapper.xsa
TRACE::2021-07-21.18:46:46::SCWPlatform:: Unique name xilinx:arty-a7-35::0.0
TRACE::2021-07-21.18:46:46::SCWPlatform::Trying to set the existing hwdb with name design_1_wrapper_0
TRACE::2021-07-21.18:46:46::SCWPlatform::Opened existing hwdb design_1_wrapper_0
TRACE::2021-07-21.18:46:46::SCWPlatform::Found the Hw Db part of the input DSA
TRACE::2021-07-21.18:46:46::SCWMssOS::Checking the sw design at  /home/norian/Documents/github/SideChannelAtt/pourgithub/microblaze_GPIO/AES/design_1_wrapper_1/microblaze_0/standalone_microblaze_0/bsp/system.mss
TRACE::2021-07-21.18:46:46::SCWMssOS::DEBUG:  swdes dump  /home/norian/Documents/github/SideChannelAtt/pourgithub/microblaze_GPIO/AES/design_1_wrapper_1/microblaze_0/standalone_microblaze_0/bsp/system.mss|system||

TRACE::2021-07-21.18:46:46::SCWMssOS::Sw design exists and opened at  /home/norian/Documents/github/SideChannelAtt/pourgithub/microblaze_GPIO/AES/design_1_wrapper_1/microblaze_0/standalone_microblaze_0/bsp/system.mss
TRACE::2021-07-21.18:46:46::SCWPlatform::Trying to open the hw design at /home/norian/Documents/github/SideChannelAtt/pourgithub/microblaze_GPIO/AES/design_1_wrapper_1/hw/design_1_wrapper.xsa
TRACE::2021-07-21.18:46:46::SCWPlatform::DSA given /home/norian/Documents/github/SideChannelAtt/pourgithub/microblaze_GPIO/AES/design_1_wrapper_1/hw/design_1_wrapper.xsa
TRACE::2021-07-21.18:46:46::SCWPlatform::DSA absoulate path /home/norian/Documents/github/SideChannelAtt/pourgithub/microblaze_GPIO/AES/design_1_wrapper_1/hw/design_1_wrapper.xsa
TRACE::2021-07-21.18:46:46::SCWPlatform::DSA directory /home/norian/Documents/github/SideChannelAtt/pourgithub/microblaze_GPIO/AES/design_1_wrapper_1/hw
TRACE::2021-07-21.18:46:46::SCWPlatform:: Platform Path /home/norian/Documents/github/SideChannelAtt/pourgithub/microblaze_GPIO/AES/design_1_wrapper_1/hw/design_1_wrapper.xsa
TRACE::2021-07-21.18:46:46::SCWPlatform:: Unique name xilinx:arty-a7-35::0.0
TRACE::2021-07-21.18:46:46::SCWPlatform::Trying to set the existing hwdb with name design_1_wrapper_0
TRACE::2021-07-21.18:46:46::SCWPlatform::Opened existing hwdb design_1_wrapper_0
TRACE::2021-07-21.18:46:46::SCWPlatform::Found the Hw Db part of the input DSA
TRACE::2021-07-21.18:46:46::SCWMssOS::Checking the sw design at  /home/norian/Documents/github/SideChannelAtt/pourgithub/microblaze_GPIO/AES/design_1_wrapper_1/microblaze_0/standalone_microblaze_0/bsp/system.mss
TRACE::2021-07-21.18:46:46::SCWMssOS::DEBUG:  swdes dump  /home/norian/Documents/github/SideChannelAtt/pourgithub/microblaze_GPIO/AES/design_1_wrapper_1/microblaze_0/standalone_microblaze_0/bsp/system.mss|system||

TRACE::2021-07-21.18:46:46::SCWMssOS::Sw design exists and opened at  /home/norian/Documents/github/SideChannelAtt/pourgithub/microblaze_GPIO/AES/design_1_wrapper_1/microblaze_0/standalone_microblaze_0/bsp/system.mss
TRACE::2021-07-21.18:46:46::SCWPlatform::Trying to open the hw design at /home/norian/Documents/github/SideChannelAtt/pourgithub/microblaze_GPIO/AES/design_1_wrapper_1/hw/design_1_wrapper.xsa
TRACE::2021-07-21.18:46:46::SCWPlatform::DSA given /home/norian/Documents/github/SideChannelAtt/pourgithub/microblaze_GPIO/AES/design_1_wrapper_1/hw/design_1_wrapper.xsa
TRACE::2021-07-21.18:46:46::SCWPlatform::DSA absoulate path /home/norian/Documents/github/SideChannelAtt/pourgithub/microblaze_GPIO/AES/design_1_wrapper_1/hw/design_1_wrapper.xsa
TRACE::2021-07-21.18:46:46::SCWPlatform::DSA directory /home/norian/Documents/github/SideChannelAtt/pourgithub/microblaze_GPIO/AES/design_1_wrapper_1/hw
TRACE::2021-07-21.18:46:46::SCWPlatform:: Platform Path /home/norian/Documents/github/SideChannelAtt/pourgithub/microblaze_GPIO/AES/design_1_wrapper_1/hw/design_1_wrapper.xsa
TRACE::2021-07-21.18:46:46::SCWPlatform:: Unique name xilinx:arty-a7-35::0.0
TRACE::2021-07-21.18:46:46::SCWPlatform::Trying to set the existing hwdb with name design_1_wrapper_0
TRACE::2021-07-21.18:46:46::SCWPlatform::Opened existing hwdb design_1_wrapper_0
TRACE::2021-07-21.18:46:46::SCWPlatform::Found the Hw Db part of the input DSA
TRACE::2021-07-21.18:46:46::SCWMssOS::Checking the sw design at  /home/norian/Documents/github/SideChannelAtt/pourgithub/microblaze_GPIO/AES/design_1_wrapper_1/microblaze_0/standalone_microblaze_0/bsp/system.mss
TRACE::2021-07-21.18:46:46::SCWMssOS::DEBUG:  swdes dump  /home/norian/Documents/github/SideChannelAtt/pourgithub/microblaze_GPIO/AES/design_1_wrapper_1/microblaze_0/standalone_microblaze_0/bsp/system.mss|system||

TRACE::2021-07-21.18:46:46::SCWMssOS::Sw design exists and opened at  /home/norian/Documents/github/SideChannelAtt/pourgithub/microblaze_GPIO/AES/design_1_wrapper_1/microblaze_0/standalone_microblaze_0/bsp/system.mss
TRACE::2021-07-21.18:46:46::SCWWriter::formatted JSON is {
	"platformName":	"design_1_wrapper_1",
	"sprVersion":	"2.0",
	"mode":	"gui",
	"dsaType":	"Fixed",
	"platformDesc":	"design_1_wrapper_1",
	"platHandOff":	"/home/norian/Documents/github/SideChannelAtt/pourgithub/microblaze_GPIO/AES/design_1_wrapper.xsa",
	"platIntHandOff":	"<platformDir>/hw/design_1_wrapper.xsa",
	"deviceType":	"FPGA",
	"platIsPrebuiltAutogen":	"false",
	"platIsNoBootBsp":	"false",
	"hasFsblMakeHasChanges":	"false",
	"hasPmufwMakeHasChanges":	"false",
	"platPreBuiltFlag":	false,
	"platformSamplesDir":	"",
	"platActiveSys":	"design_1_wrapper_1",
	"systems":	[{
			"systemName":	"design_1_wrapper_1",
			"systemDesc":	"design_1_wrapper_1",
			"sysIsBootAutoGen":	"true",
			"systemDispName":	"design_1_wrapper_1",
			"sysActiveDom":	"standalone_microblaze_0",
			"sysDefaultDom":	"standalone_microblaze_0",
			"domains":	[{
					"domainName":	"standalone_microblaze_0",
					"domainDispName":	"standalone_microblaze_0",
					"domainDesc":	"standalone_microblaze_0",
					"processors":	"microblaze_0",
					"os":	"standalone",
					"sdxOs":	"standalone",
					"debugEnable":	"False",
					"domRuntimes":	["cpp"],
					"swRepo":	"",
					"mssOsVer":	"7.3",
					"mssFile":	"",
					"md5Digest":	"563c6263be4f9325d9779002dead934f",
					"compatibleApp":	"hello_world",
					"domType":	"mssDomain",
					"arch":	"32-bit",
					"appSettings":	{
						"appCompilerFlags":	"",
						"appLinkerFlags":	""
					},
					"addedLibs":	[],
					"libOptions":	{
						"libsContainingOptions":	[]
					},
					"prebuiltLibs":	{
						"prebuiltIncPath":	[],
						"prebuiltLibPath":	[]
					},
					"isolation":	{
					}
				}]
		}]
}
KEYINFO::2021-07-21.18:46:46::SCWPlatform::updated the xpfm file.
TRACE::2021-07-21.19:02:28::SCWPlatform::Trying to open the hw design at /home/norian/Documents/github/SideChannelAtt/pourgithub/microblaze_GPIO/AES/design_1_wrapper_1/hw/design_1_wrapper.xsa
TRACE::2021-07-21.19:02:28::SCWPlatform::DSA given /home/norian/Documents/github/SideChannelAtt/pourgithub/microblaze_GPIO/AES/design_1_wrapper_1/hw/design_1_wrapper.xsa
TRACE::2021-07-21.19:02:28::SCWPlatform::DSA absoulate path /home/norian/Documents/github/SideChannelAtt/pourgithub/microblaze_GPIO/AES/design_1_wrapper_1/hw/design_1_wrapper.xsa
TRACE::2021-07-21.19:02:30::SCWPlatform::DSA directory /home/norian/Documents/github/SideChannelAtt/pourgithub/microblaze_GPIO/AES/design_1_wrapper_1/hw
TRACE::2021-07-21.19:02:30::SCWPlatform:: Platform Path /home/norian/Documents/github/SideChannelAtt/pourgithub/microblaze_GPIO/AES/design_1_wrapper_1/hw/design_1_wrapper.xsa
TRACE::2021-07-21.19:02:30::SCWPlatform:: Unique name xilinx:arty-a7-35::0.0
TRACE::2021-07-21.19:02:30::SCWPlatform::Do not have an existing db opened. 
TRACE::2021-07-21.19:02:31::SCWPlatform::Opened new HwDB with name design_1_wrapper
TRACE::2021-07-21.19:02:31::SCWReader::Active system found as  design_1_wrapper_1
TRACE::2021-07-21.19:02:31::SCWReader::Handling sysconfig design_1_wrapper_1
TRACE::2021-07-21.19:02:31::SCWDomain::checking for install qemu data   : 
TRACE::2021-07-21.19:02:31::SCWPlatform::Trying to open the hw design at /home/norian/Documents/github/SideChannelAtt/pourgithub/microblaze_GPIO/AES/design_1_wrapper_1/hw/design_1_wrapper.xsa
TRACE::2021-07-21.19:02:31::SCWPlatform::DSA given /home/norian/Documents/github/SideChannelAtt/pourgithub/microblaze_GPIO/AES/design_1_wrapper_1/hw/design_1_wrapper.xsa
TRACE::2021-07-21.19:02:31::SCWPlatform::DSA absoulate path /home/norian/Documents/github/SideChannelAtt/pourgithub/microblaze_GPIO/AES/design_1_wrapper_1/hw/design_1_wrapper.xsa
TRACE::2021-07-21.19:02:31::SCWPlatform::DSA directory /home/norian/Documents/github/SideChannelAtt/pourgithub/microblaze_GPIO/AES/design_1_wrapper_1/hw
TRACE::2021-07-21.19:02:31::SCWPlatform:: Platform Path /home/norian/Documents/github/SideChannelAtt/pourgithub/microblaze_GPIO/AES/design_1_wrapper_1/hw/design_1_wrapper.xsa
TRACE::2021-07-21.19:02:31::SCWPlatform:: Unique name xilinx:arty-a7-35::0.0
TRACE::2021-07-21.19:02:31::SCWPlatform::Trying to set the existing hwdb with name design_1_wrapper
TRACE::2021-07-21.19:02:31::SCWPlatform::Opened existing hwdb design_1_wrapper
TRACE::2021-07-21.19:02:31::SCWPlatform::Found the Hw Db part of the input DSA
TRACE::2021-07-21.19:02:31::SCWPlatform::Trying to open the hw design at /home/norian/Documents/github/SideChannelAtt/pourgithub/microblaze_GPIO/AES/design_1_wrapper_1/hw/design_1_wrapper.xsa
TRACE::2021-07-21.19:02:31::SCWPlatform::DSA given /home/norian/Documents/github/SideChannelAtt/pourgithub/microblaze_GPIO/AES/design_1_wrapper_1/hw/design_1_wrapper.xsa
TRACE::2021-07-21.19:02:31::SCWPlatform::DSA absoulate path /home/norian/Documents/github/SideChannelAtt/pourgithub/microblaze_GPIO/AES/design_1_wrapper_1/hw/design_1_wrapper.xsa
TRACE::2021-07-21.19:02:31::SCWPlatform::DSA directory /home/norian/Documents/github/SideChannelAtt/pourgithub/microblaze_GPIO/AES/design_1_wrapper_1/hw
TRACE::2021-07-21.19:02:31::SCWPlatform:: Platform Path /home/norian/Documents/github/SideChannelAtt/pourgithub/microblaze_GPIO/AES/design_1_wrapper_1/hw/design_1_wrapper.xsa
TRACE::2021-07-21.19:02:31::SCWPlatform:: Unique name xilinx:arty-a7-35::0.0
TRACE::2021-07-21.19:02:31::SCWPlatform::Trying to set the existing hwdb with name design_1_wrapper
TRACE::2021-07-21.19:02:31::SCWPlatform::Opened existing hwdb design_1_wrapper
TRACE::2021-07-21.19:02:31::SCWPlatform::Found the Hw Db part of the input DSA
TRACE::2021-07-21.19:02:31::SCWPlatform::Trying to open the hw design at /home/norian/Documents/github/SideChannelAtt/pourgithub/microblaze_GPIO/AES/design_1_wrapper_1/hw/design_1_wrapper.xsa
TRACE::2021-07-21.19:02:31::SCWPlatform::DSA given /home/norian/Documents/github/SideChannelAtt/pourgithub/microblaze_GPIO/AES/design_1_wrapper_1/hw/design_1_wrapper.xsa
TRACE::2021-07-21.19:02:31::SCWPlatform::DSA absoulate path /home/norian/Documents/github/SideChannelAtt/pourgithub/microblaze_GPIO/AES/design_1_wrapper_1/hw/design_1_wrapper.xsa
TRACE::2021-07-21.19:02:31::SCWPlatform::DSA directory /home/norian/Documents/github/SideChannelAtt/pourgithub/microblaze_GPIO/AES/design_1_wrapper_1/hw
TRACE::2021-07-21.19:02:31::SCWPlatform:: Platform Path /home/norian/Documents/github/SideChannelAtt/pourgithub/microblaze_GPIO/AES/design_1_wrapper_1/hw/design_1_wrapper.xsa
TRACE::2021-07-21.19:02:31::SCWPlatform:: Unique name xilinx:arty-a7-35::0.0
TRACE::2021-07-21.19:02:31::SCWPlatform::Trying to set the existing hwdb with name design_1_wrapper
TRACE::2021-07-21.19:02:31::SCWPlatform::Opened existing hwdb design_1_wrapper
TRACE::2021-07-21.19:02:31::SCWPlatform::Found the Hw Db part of the input DSA
TRACE::2021-07-21.19:02:31::SCWPlatform::Trying to open the hw design at /home/norian/Documents/github/SideChannelAtt/pourgithub/microblaze_GPIO/AES/design_1_wrapper_1/hw/design_1_wrapper.xsa
TRACE::2021-07-21.19:02:31::SCWPlatform::DSA given /home/norian/Documents/github/SideChannelAtt/pourgithub/microblaze_GPIO/AES/design_1_wrapper_1/hw/design_1_wrapper.xsa
TRACE::2021-07-21.19:02:31::SCWPlatform::DSA absoulate path /home/norian/Documents/github/SideChannelAtt/pourgithub/microblaze_GPIO/AES/design_1_wrapper_1/hw/design_1_wrapper.xsa
TRACE::2021-07-21.19:02:31::SCWPlatform::DSA directory /home/norian/Documents/github/SideChannelAtt/pourgithub/microblaze_GPIO/AES/design_1_wrapper_1/hw
TRACE::2021-07-21.19:02:31::SCWPlatform:: Platform Path /home/norian/Documents/github/SideChannelAtt/pourgithub/microblaze_GPIO/AES/design_1_wrapper_1/hw/design_1_wrapper.xsa
TRACE::2021-07-21.19:02:31::SCWPlatform:: Unique name xilinx:arty-a7-35::0.0
TRACE::2021-07-21.19:02:31::SCWPlatform::Trying to set the existing hwdb with name design_1_wrapper
TRACE::2021-07-21.19:02:31::SCWPlatform::Opened existing hwdb design_1_wrapper
TRACE::2021-07-21.19:02:31::SCWPlatform::Found the Hw Db part of the input DSA
TRACE::2021-07-21.19:02:31::SCWMssOS::Checking the sw design at  /home/norian/Documents/github/SideChannelAtt/pourgithub/microblaze_GPIO/AES/design_1_wrapper_1/microblaze_0/standalone_microblaze_0/bsp/system.mss
TRACE::2021-07-21.19:02:31::SCWMssOS::DEBUG:  swdes dump  
TRACE::2021-07-21.19:02:31::SCWMssOS::No sw design opened at  /home/norian/Documents/github/SideChannelAtt/pourgithub/microblaze_GPIO/AES/design_1_wrapper_1/microblaze_0/standalone_microblaze_0/bsp/system.mss
TRACE::2021-07-21.19:02:31::SCWMssOS::mss exists loading the mss file  /home/norian/Documents/github/SideChannelAtt/pourgithub/microblaze_GPIO/AES/design_1_wrapper_1/microblaze_0/standalone_microblaze_0/bsp/system.mss
TRACE::2021-07-21.19:02:31::SCWMssOS::Opened the sw design from mss  /home/norian/Documents/github/SideChannelAtt/pourgithub/microblaze_GPIO/AES/design_1_wrapper_1/microblaze_0/standalone_microblaze_0/bsp/system.mss
TRACE::2021-07-21.19:02:31::SCWMssOS::Adding the swdes entry /home/norian/Documents/github/SideChannelAtt/pourgithub/microblaze_GPIO/AES/design_1_wrapper_1/microblaze_0/standalone_microblaze_0/bsp/system.mss with des name system
TRACE::2021-07-21.19:02:31::SCWMssOS::updating the scw layer about changes
TRACE::2021-07-21.19:02:31::SCWMssOS::Opened the sw design.  /home/norian/Documents/github/SideChannelAtt/pourgithub/microblaze_GPIO/AES/design_1_wrapper_1/microblaze_0/standalone_microblaze_0/bsp/system.mss
TRACE::2021-07-21.19:02:31::SCWMssOS::Saving the mss changes /home/norian/Documents/github/SideChannelAtt/pourgithub/microblaze_GPIO/AES/design_1_wrapper_1/microblaze_0/standalone_microblaze_0/bsp/system.mss
TRACE::2021-07-21.19:02:31::SCWMssOS::Found a swdesign opened with the mssfile.
TRACE::2021-07-21.19:02:31::SCWMssOS::Completed writemss as part of save.
TRACE::2021-07-21.19:02:31::SCWMssOS::Commit changes completed.
TRACE::2021-07-21.19:02:31::SCWReader::Adding prebuilt librarypaths as   
TRACE::2021-07-21.19:02:31::SCWReader::Adding prebuilt incpaths  as   
TRACE::2021-07-21.19:02:31::SCWPlatform::Trying to open the hw design at /home/norian/Documents/github/SideChannelAtt/pourgithub/microblaze_GPIO/AES/design_1_wrapper_1/hw/design_1_wrapper.xsa
TRACE::2021-07-21.19:02:31::SCWPlatform::DSA given /home/norian/Documents/github/SideChannelAtt/pourgithub/microblaze_GPIO/AES/design_1_wrapper_1/hw/design_1_wrapper.xsa
TRACE::2021-07-21.19:02:31::SCWPlatform::DSA absoulate path /home/norian/Documents/github/SideChannelAtt/pourgithub/microblaze_GPIO/AES/design_1_wrapper_1/hw/design_1_wrapper.xsa
TRACE::2021-07-21.19:02:31::SCWPlatform::DSA directory /home/norian/Documents/github/SideChannelAtt/pourgithub/microblaze_GPIO/AES/design_1_wrapper_1/hw
TRACE::2021-07-21.19:02:31::SCWPlatform:: Platform Path /home/norian/Documents/github/SideChannelAtt/pourgithub/microblaze_GPIO/AES/design_1_wrapper_1/hw/design_1_wrapper.xsa
TRACE::2021-07-21.19:02:31::SCWPlatform:: Unique name xilinx:arty-a7-35::0.0
TRACE::2021-07-21.19:02:31::SCWPlatform::Trying to set the existing hwdb with name design_1_wrapper
TRACE::2021-07-21.19:02:31::SCWPlatform::Opened existing hwdb design_1_wrapper
TRACE::2021-07-21.19:02:31::SCWPlatform::Found the Hw Db part of the input DSA
TRACE::2021-07-21.19:02:31::SCWMssOS::Checking the sw design at  /home/norian/Documents/github/SideChannelAtt/pourgithub/microblaze_GPIO/AES/design_1_wrapper_1/microblaze_0/standalone_microblaze_0/bsp/system.mss
TRACE::2021-07-21.19:02:31::SCWMssOS::DEBUG:  swdes dump  /home/norian/Documents/github/SideChannelAtt/pourgithub/microblaze_GPIO/AES/design_1_wrapper_1/microblaze_0/standalone_microblaze_0/bsp/system.mss|system||

TRACE::2021-07-21.19:02:31::SCWMssOS::Sw design exists and opened at  /home/norian/Documents/github/SideChannelAtt/pourgithub/microblaze_GPIO/AES/design_1_wrapper_1/microblaze_0/standalone_microblaze_0/bsp/system.mss
TRACE::2021-07-21.19:02:31::SCWReader::No isolation master present  
LOG::2021-07-21.19:02:31::SCWPlatform::Started generating the artifacts platform design_1_wrapper_1
TRACE::2021-07-21.19:02:31::SCWPlatform::Sanity checking of platform is completed
LOG::2021-07-21.19:02:31::SCWPlatform::Started generating the artifacts for system configuration design_1_wrapper_1
LOG::2021-07-21.19:02:31::SCWSystem::Checking the domain standalone_microblaze_0
LOG::2021-07-21.19:02:31::SCWSystem::Not a boot domain 
LOG::2021-07-21.19:02:31::SCWSystem::Started Processing the domain standalone_microblaze_0
TRACE::2021-07-21.19:02:31::SCWDomain::Generating domain artifcats
TRACE::2021-07-21.19:02:31::SCWMssOS::Generating standalone artifcats
TRACE::2021-07-21.19:02:31::SCWMssOS:: Copying the user libraries. 
TRACE::2021-07-21.19:02:31::SCWPlatform::Trying to open the hw design at /home/norian/Documents/github/SideChannelAtt/pourgithub/microblaze_GPIO/AES/design_1_wrapper_1/hw/design_1_wrapper.xsa
TRACE::2021-07-21.19:02:31::SCWPlatform::DSA given /home/norian/Documents/github/SideChannelAtt/pourgithub/microblaze_GPIO/AES/design_1_wrapper_1/hw/design_1_wrapper.xsa
TRACE::2021-07-21.19:02:31::SCWPlatform::DSA absoulate path /home/norian/Documents/github/SideChannelAtt/pourgithub/microblaze_GPIO/AES/design_1_wrapper_1/hw/design_1_wrapper.xsa
TRACE::2021-07-21.19:02:31::SCWPlatform::DSA directory /home/norian/Documents/github/SideChannelAtt/pourgithub/microblaze_GPIO/AES/design_1_wrapper_1/hw
TRACE::2021-07-21.19:02:31::SCWPlatform:: Platform Path /home/norian/Documents/github/SideChannelAtt/pourgithub/microblaze_GPIO/AES/design_1_wrapper_1/hw/design_1_wrapper.xsa
TRACE::2021-07-21.19:02:31::SCWPlatform:: Unique name xilinx:arty-a7-35::0.0
TRACE::2021-07-21.19:02:31::SCWPlatform::Trying to set the existing hwdb with name design_1_wrapper
TRACE::2021-07-21.19:02:31::SCWPlatform::Opened existing hwdb design_1_wrapper
TRACE::2021-07-21.19:02:31::SCWPlatform::Found the Hw Db part of the input DSA
TRACE::2021-07-21.19:02:31::SCWMssOS::Checking the sw design at  /home/norian/Documents/github/SideChannelAtt/pourgithub/microblaze_GPIO/AES/design_1_wrapper_1/microblaze_0/standalone_microblaze_0/bsp/system.mss
TRACE::2021-07-21.19:02:31::SCWMssOS::DEBUG:  swdes dump  /home/norian/Documents/github/SideChannelAtt/pourgithub/microblaze_GPIO/AES/design_1_wrapper_1/microblaze_0/standalone_microblaze_0/bsp/system.mss|system||

TRACE::2021-07-21.19:02:31::SCWMssOS::Sw design exists and opened at  /home/norian/Documents/github/SideChannelAtt/pourgithub/microblaze_GPIO/AES/design_1_wrapper_1/microblaze_0/standalone_microblaze_0/bsp/system.mss
TRACE::2021-07-21.19:02:31::SCWMssOS::Completed writing the mss file at /home/norian/Documents/github/SideChannelAtt/pourgithub/microblaze_GPIO/AES/design_1_wrapper_1/microblaze_0/standalone_microblaze_0/bsp
TRACE::2021-07-21.19:02:31::SCWMssOS::Mss edits present, copying mssfile into export location /home/norian/Documents/github/SideChannelAtt/pourgithub/microblaze_GPIO/AES/design_1_wrapper_1/microblaze_0/standalone_microblaze_0/bsp/system.mss
TRACE::2021-07-21.19:02:31::SCWMssOS::bsp generated is upto date with the mss file. Skipping bsp generation.
TRACE::2021-07-21.19:02:31::SCWMssOS::BSP is already built. skipping the bsp build ... 
TRACE::2021-07-21.19:02:31::SCWDomain::Building the domain as part of full build :  standalone_microblaze_0
TRACE::2021-07-21.19:02:31::SCWMssOS::doing bsp build ... 
TRACE::2021-07-21.19:02:31::SCWMssOS::System Command Ran  cd  /home/norian/Documents/github/SideChannelAtt/pourgithub/microblaze_GPIO/AES/design_1_wrapper_1/microblaze_0/standalone_microblaze_0/bsp ; bash -c "make  " 
TRACE::2021-07-21.19:02:31::SCWMssOS::make --no-print-directory seq_libs

TRACE::2021-07-21.19:02:31::SCWMssOS::Running Make include in microblaze_0/libsrc/PmodGPIO_v1_0/src

TRACE::2021-07-21.19:02:31::SCWMssOS::make -C microblaze_0/libsrc/PmodGPIO_v1_0/src -s include  "SHELL=/bin/sh" "COMPILER=mb-gcc" "ASSEMBLER=mb-as" "ARCHIVER=mb-ar" 
TRACE::2021-07-21.19:02:31::SCWMssOS::"COMPILER_FLAGS=  -O2 -c -mcpu=v11.0 -mlittle-endian -mxl-soft-mul" "EXTRA_COMPILER_FLAGS=-g -ffunction-sections -fdata-section
TRACE::2021-07-21.19:02:31::SCWMssOS::s -Wall -Wextra"

TRACE::2021-07-21.19:02:31::SCWMssOS::Running Make include in microblaze_0/libsrc/standalone_v7_3/src

TRACE::2021-07-21.19:02:31::SCWMssOS::make -C microblaze_0/libsrc/standalone_v7_3/src -s include  "SHELL=/bin/sh" "COMPILER=mb-gcc" "ASSEMBLER=mb-as" "ARCHIVER=mb-ar
TRACE::2021-07-21.19:02:31::SCWMssOS::" "COMPILER_FLAGS=  -O2 -c -mcpu=v11.0 -mlittle-endian -mxl-soft-mul" "EXTRA_COMPILER_FLAGS=-g -ffunction-sections -fdata-secti
TRACE::2021-07-21.19:02:31::SCWMssOS::ons -Wall -Wextra"

TRACE::2021-07-21.19:02:31::SCWMssOS::Running Make include in microblaze_0/libsrc/cpu_v2_12/src

TRACE::2021-07-21.19:02:31::SCWMssOS::make -C microblaze_0/libsrc/cpu_v2_12/src -s include  "SHELL=/bin/sh" "COMPILER=mb-gcc" "ASSEMBLER=mb-as" "ARCHIVER=mb-ar" "COM
TRACE::2021-07-21.19:02:31::SCWMssOS::PILER_FLAGS=  -O2 -c -mcpu=v11.0 -mlittle-endian -mxl-soft-mul" "EXTRA_COMPILER_FLAGS=-g -ffunction-sections -fdata-sections -W
TRACE::2021-07-21.19:02:31::SCWMssOS::all -Wextra"

TRACE::2021-07-21.19:02:31::SCWMssOS::Running Make include in microblaze_0/libsrc/uartlite_v3_5/src

TRACE::2021-07-21.19:02:31::SCWMssOS::make -C microblaze_0/libsrc/uartlite_v3_5/src -s include  "SHELL=/bin/sh" "COMPILER=mb-gcc" "ASSEMBLER=mb-as" "ARCHIVER=mb-ar" 
TRACE::2021-07-21.19:02:31::SCWMssOS::"COMPILER_FLAGS=  -O2 -c -mcpu=v11.0 -mlittle-endian -mxl-soft-mul" "EXTRA_COMPILER_FLAGS=-g -ffunction-sections -fdata-section
TRACE::2021-07-21.19:02:31::SCWMssOS::s -Wall -Wextra"

TRACE::2021-07-21.19:02:31::SCWMssOS::Running Make include in microblaze_0/libsrc/bram_v4_5/src

TRACE::2021-07-21.19:02:31::SCWMssOS::make -C microblaze_0/libsrc/bram_v4_5/src -s include  "SHELL=/bin/sh" "COMPILER=mb-gcc" "ASSEMBLER=mb-as" "ARCHIVER=mb-ar" "COM
TRACE::2021-07-21.19:02:31::SCWMssOS::PILER_FLAGS=  -O2 -c -mcpu=v11.0 -mlittle-endian -mxl-soft-mul" "EXTRA_COMPILER_FLAGS=-g -ffunction-sections -fdata-sections -W
TRACE::2021-07-21.19:02:31::SCWMssOS::all -Wextra"

TRACE::2021-07-21.19:02:31::SCWMssOS::Running Make libs in microblaze_0/libsrc/PmodGPIO_v1_0/src

TRACE::2021-07-21.19:02:31::SCWMssOS::make -C microblaze_0/libsrc/PmodGPIO_v1_0/src -s libs  "SHELL=/bin/sh" "COMPILER=mb-gcc" "ASSEMBLER=mb-as" "ARCHIVER=mb-ar" "CO
TRACE::2021-07-21.19:02:31::SCWMssOS::MPILER_FLAGS=  -O2 -c -mcpu=v11.0 -mlittle-endian -mxl-soft-mul" "EXTRA_COMPILER_FLAGS=-g -ffunction-sections -fdata-sections -
TRACE::2021-07-21.19:02:31::SCWMssOS::Wall -Wextra"

TRACE::2021-07-21.19:02:31::SCWMssOS::Compiling PmodGPIO...

TRACE::2021-07-21.19:02:31::SCWMssOS::Finished building libraries sequentially.

TRACE::2021-07-21.19:02:31::SCWMssOS::make -j --no-print-directory par_libs

TRACE::2021-07-21.19:02:31::SCWMssOS::Running Make include in microblaze_0/libsrc/PmodGPIO_v1_0/src

TRACE::2021-07-21.19:02:31::SCWMssOS::Running Make include in microblaze_0/libsrc/standalone_v7_3/src

TRACE::2021-07-21.19:02:31::SCWMssOS::make -C microblaze_0/libsrc/PmodGPIO_v1_0/src -s include  "SHELL=/bin/sh" "COMPILER=mb-gcc" "ASSEMBLER=mb-as" "ARCHIVER=mb-ar" 
TRACE::2021-07-21.19:02:31::SCWMssOS::"COMPILER_FLAGS=  -O2 -c -mcpu=v11.0 -mlittle-endian -mxl-soft-mul" "EXTRA_COMPILER_FLAGS=-g -ffunction-sections -fdata-section
TRACE::2021-07-21.19:02:31::SCWMssOS::s -Wall -Wextra"

TRACE::2021-07-21.19:02:31::SCWMssOS::make -C microblaze_0/libsrc/standalone_v7_3/src -s include  "SHELL=/bin/sh" "COMPILER=mb-gcc" "ASSEMBLER=mb-as" "ARCHIVER=mb-ar
TRACE::2021-07-21.19:02:31::SCWMssOS::" "COMPILER_FLAGS=  -O2 -c -mcpu=v11.0 -mlittle-endian -mxl-soft-mul" "EXTRA_COMPILER_FLAGS=-g -ffunction-sections -fdata-secti
TRACE::2021-07-21.19:02:31::SCWMssOS::ons -Wall -Wextra"

TRACE::2021-07-21.19:02:31::SCWMssOS::Running Make include in microblaze_0/libsrc/cpu_v2_12/src

TRACE::2021-07-21.19:02:31::SCWMssOS::make -C microblaze_0/libsrc/cpu_v2_12/src -s include  "SHELL=/bin/sh" "COMPILER=mb-gcc" "ASSEMBLER=mb-as" "ARCHIVER=mb-ar" "COM
TRACE::2021-07-21.19:02:31::SCWMssOS::PILER_FLAGS=  -O2 -c -mcpu=v11.0 -mlittle-endian -mxl-soft-mul" "EXTRA_COMPILER_FLAGS=-g -ffunction-sections -fdata-sections -W
TRACE::2021-07-21.19:02:31::SCWMssOS::all -Wextra"

TRACE::2021-07-21.19:02:31::SCWMssOS::Running Make include in microblaze_0/libsrc/uartlite_v3_5/src

TRACE::2021-07-21.19:02:31::SCWMssOS::make -C microblaze_0/libsrc/uartlite_v3_5/src -s include  "SHELL=/bin/sh" "COMPILER=mb-gcc" "ASSEMBLER=mb-as" "ARCHIVER=mb-ar" 
TRACE::2021-07-21.19:02:31::SCWMssOS::"COMPILER_FLAGS=  -O2 -c -mcpu=v11.0 -mlittle-endian -mxl-soft-mul" "EXTRA_COMPILER_FLAGS=-g -ffunction-sections -fdata-section
TRACE::2021-07-21.19:02:31::SCWMssOS::s -Wall -Wextra"

TRACE::2021-07-21.19:02:31::SCWMssOS::Running Make include in microblaze_0/libsrc/bram_v4_5/src

TRACE::2021-07-21.19:02:31::SCWMssOS::make -C microblaze_0/libsrc/bram_v4_5/src -s include  "SHELL=/bin/sh" "COMPILER=mb-gcc" "ASSEMBLER=mb-as" "ARCHIVER=mb-ar" "COM
TRACE::2021-07-21.19:02:31::SCWMssOS::PILER_FLAGS=  -O2 -c -mcpu=v11.0 -mlittle-endian -mxl-soft-mul" "EXTRA_COMPILER_FLAGS=-g -ffunction-sections -fdata-sections -W
TRACE::2021-07-21.19:02:31::SCWMssOS::all -Wextra"

TRACE::2021-07-21.19:02:31::SCWMssOS::Running Make libs in microblaze_0/libsrc/standalone_v7_3/src

TRACE::2021-07-21.19:02:31::SCWMssOS::Running Make libs in microblaze_0/libsrc/cpu_v2_12/src

TRACE::2021-07-21.19:02:31::SCWMssOS::make -C microblaze_0/libsrc/standalone_v7_3/src -s libs  "SHELL=/bin/sh" "COMPILER=mb-gcc" "ASSEMBLER=mb-as" "ARCHIVER=mb-ar" "
TRACE::2021-07-21.19:02:31::SCWMssOS::COMPILER_FLAGS=  -O2 -c -mcpu=v11.0 -mlittle-endian -mxl-soft-mul" "EXTRA_COMPILER_FLAGS=-g -ffunction-sections -fdata-sections
TRACE::2021-07-21.19:02:31::SCWMssOS:: -Wall -Wextra"

TRACE::2021-07-21.19:02:31::SCWMssOS::make -C microblaze_0/libsrc/cpu_v2_12/src -s libs  "SHELL=/bin/sh" "COMPILER=mb-gcc" "ASSEMBLER=mb-as" "ARCHIVER=mb-ar" "COMPIL
TRACE::2021-07-21.19:02:31::SCWMssOS::ER_FLAGS=  -O2 -c -mcpu=v11.0 -mlittle-endian -mxl-soft-mul" "EXTRA_COMPILER_FLAGS=-g -ffunction-sections -fdata-sections -Wall
TRACE::2021-07-21.19:02:31::SCWMssOS:: -Wextra"

TRACE::2021-07-21.19:02:31::SCWMssOS::Running Make libs in microblaze_0/libsrc/uartlite_v3_5/src

TRACE::2021-07-21.19:02:31::SCWMssOS::make -C microblaze_0/libsrc/uartlite_v3_5/src -s libs  "SHELL=/bin/sh" "COMPILER=mb-gcc" "ASSEMBLER=mb-as" "ARCHIVER=mb-ar" "CO
TRACE::2021-07-21.19:02:31::SCWMssOS::MPILER_FLAGS=  -O2 -c -mcpu=v11.0 -mlittle-endian -mxl-soft-mul" "EXTRA_COMPILER_FLAGS=-g -ffunction-sections -fdata-sections -
TRACE::2021-07-21.19:02:31::SCWMssOS::Wall -Wextra"

TRACE::2021-07-21.19:02:31::SCWMssOS::Running Make libs in microblaze_0/libsrc/bram_v4_5/src

TRACE::2021-07-21.19:02:31::SCWMssOS::make -C microblaze_0/libsrc/bram_v4_5/src -s libs  "SHELL=/bin/sh" "COMPILER=mb-gcc" "ASSEMBLER=mb-as" "ARCHIVER=mb-ar" "COMPIL
TRACE::2021-07-21.19:02:31::SCWMssOS::ER_FLAGS=  -O2 -c -mcpu=v11.0 -mlittle-endian -mxl-soft-mul" "EXTRA_COMPILER_FLAGS=-g -ffunction-sections -fdata-sections -Wall
TRACE::2021-07-21.19:02:31::SCWMssOS:: -Wextra"

TRACE::2021-07-21.19:02:31::SCWMssOS::DEBUG NON_LTO_OBJECTS is ../../../lib/microblaze_interrupt_handler.o

TRACE::2021-07-21.19:02:31::SCWMssOS::Finished building libraries parallelly.

TRACE::2021-07-21.19:02:31::SCWMssOS::make --no-print-directory archive

TRACE::2021-07-21.19:02:32::SCWMssOS::mb-ar -r  microblaze_0/lib/libxil.a microblaze_0/lib/microblaze_init_icache_range.o microblaze_0/lib/fcntl.o microblaze_0/lib/x
TRACE::2021-07-21.19:02:32::SCWMssOS::bram_intr.o microblaze_0/lib/microblaze_enable_interrupts.o microblaze_0/lib/xil_assert.o microblaze_0/lib/xil_clocking.o micro
TRACE::2021-07-21.19:02:32::SCWMssOS::blaze_0/lib/microblaze_flush_dcache.o microblaze_0/lib/microblaze_update_icache.o microblaze_0/lib/xil_testmem.o microblaze_0/l
TRACE::2021-07-21.19:02:32::SCWMssOS::ib/pvr.o microblaze_0/lib/xil_exception.o microblaze_0/lib/microblaze_invalidate_cache_ext_range.o microblaze_0/lib/xuartlite_s
TRACE::2021-07-21.19:02:32::SCWMssOS::tats.o microblaze_0/lib/xuartlite_l.o microblaze_0/lib/errno.o microblaze_0/lib/microblaze_invalidate_icache.o microblaze_0/lib
TRACE::2021-07-21.19:02:32::SCWMssOS::/microblaze_init_dcache_range.o microblaze_0/lib/microblaze_invalidate_icache_range.o microblaze_0/lib/xbram.o microblaze_0/lib
TRACE::2021-07-21.19:02:32::SCWMssOS::/microblaze_enable_dcache.o microblaze_0/lib/xil_mem.o microblaze_0/lib/microblaze_enable_exceptions.o microblaze_0/lib/microbl
TRACE::2021-07-21.19:02:32::SCWMssOS::aze_interrupts_g.o microblaze_0/lib/microblaze_selftest.o microblaze_0/lib/xil_testcache.o microblaze_0/lib/xil_util.o microbla
TRACE::2021-07-21.19:02:32::SCWMssOS::ze_0/lib/xuartlite_selftest.o microblaze_0/lib/hw_exception_handler.o microblaze_0/lib/xuartlite_sinit.o microblaze_0/lib/micro
TRACE::2021-07-21.19:02:32::SCWMssOS::blaze_sleep.o microblaze_0/lib/microblaze_invalidate_cache_ext.o microblaze_0/lib/xuartlite_g.o microblaze_0/lib/microblaze_inv
TRACE::2021-07-21.19:02:32::SCWMssOS::alidate_dcache_range.o microblaze_0/lib/outbyte.o microblaze_0/lib/xio.o microblaze_0/lib/xil_printf.o microblaze_0/lib/xil_sle
TRACE::2021-07-21.19:02:32::SCWMssOS::epcommon.o microblaze_0/lib/microblaze_exception_handler.o microblaze_0/lib/microblaze_update_dcache.o microblaze_0/lib/microbl
TRACE::2021-07-21.19:02:32::SCWMssOS::aze_flush_cache_ext_range.o microblaze_0/lib/xuartlite_intr.o microblaze_0/lib/microblaze_disable_icache.o microblaze_0/lib/mic
TRACE::2021-07-21.19:02:32::SCWMssOS::roblaze_interrupt_handler.o microblaze_0/lib/xbram_selftest.o microblaze_0/lib/microblaze_disable_interrupts.o microblaze_0/lib
TRACE::2021-07-21.19:02:32::SCWMssOS::/microblaze_invalidate_dcache.o microblaze_0/lib/microblaze_scrub.o microblaze_0/lib/xbram_sinit.o microblaze_0/lib/xbram_g.o m
TRACE::2021-07-21.19:02:32::SCWMssOS::icroblaze_0/lib/inbyte.o microblaze_0/lib/xil_cache.o microblaze_0/lib/xil_misc_psreset_api.o microblaze_0/lib/microblaze_flush
TRACE::2021-07-21.19:02:32::SCWMssOS::_cache_ext.o microblaze_0/lib/microblaze_flush_dcache_range.o microblaze_0/lib/microblaze_enable_icache.o microblaze_0/lib/micr
TRACE::2021-07-21.19:02:32::SCWMssOS::oblaze_disable_dcache.o microblaze_0/lib/xil_testio.o microblaze_0/lib/_exit.o microblaze_0/lib/print.o microblaze_0/lib/microb
TRACE::2021-07-21.19:02:32::SCWMssOS::laze_disable_exceptions.o microblaze_0/lib/xuartlite.o microblaze_0/lib/xplatform_info.o

TRACE::2021-07-21.19:02:32::SCWMssOS::Finished building libraries

TRACE::2021-07-21.19:02:32::SCWMssOS::Copying to export directory.
TRACE::2021-07-21.19:02:32::SCWMssOS:: Checking if to create the Supporting Applications
TRACE::2021-07-21.19:02:32::SCWMssOS:: No Linux domain exists, trying to generate FSBL 
LOG::2021-07-21.19:02:32::SCWSystem::Completed Processing the domain standalone_microblaze_0
LOG::2021-07-21.19:02:32::SCWSystem::Completed Processing the sysconfig design_1_wrapper_1
LOG::2021-07-21.19:02:32::SCWPlatform::Completed generating the artifacts for system configuration design_1_wrapper_1
TRACE::2021-07-21.19:02:32::SCWPlatform::Started preparing the platform 
TRACE::2021-07-21.19:02:32::SCWSystem::Writing the bif file for system config design_1_wrapper_1
TRACE::2021-07-21.19:02:32::SCWSystem::dir created 
TRACE::2021-07-21.19:02:32::SCWSystem::Writing the bif 
TRACE::2021-07-21.19:02:32::SCWPlatform::Started writing the spfm file 
TRACE::2021-07-21.19:02:32::SCWPlatform::Started writing the xpfm file 
TRACE::2021-07-21.19:02:32::SCWPlatform::Completed generating the platform
TRACE::2021-07-21.19:02:32::SCWMssOS::Saving the mss changes /home/norian/Documents/github/SideChannelAtt/pourgithub/microblaze_GPIO/AES/design_1_wrapper_1/microblaze_0/standalone_microblaze_0/bsp/system.mss
TRACE::2021-07-21.19:02:32::SCWMssOS::Found a swdesign opened with the mssfile.
TRACE::2021-07-21.19:02:32::SCWMssOS::Completed writemss as part of save.
TRACE::2021-07-21.19:02:32::SCWMssOS::Commit changes completed.
TRACE::2021-07-21.19:02:32::SCWPlatform::Trying to open the hw design at /home/norian/Documents/github/SideChannelAtt/pourgithub/microblaze_GPIO/AES/design_1_wrapper_1/hw/design_1_wrapper.xsa
TRACE::2021-07-21.19:02:32::SCWPlatform::DSA given /home/norian/Documents/github/SideChannelAtt/pourgithub/microblaze_GPIO/AES/design_1_wrapper_1/hw/design_1_wrapper.xsa
TRACE::2021-07-21.19:02:32::SCWPlatform::DSA absoulate path /home/norian/Documents/github/SideChannelAtt/pourgithub/microblaze_GPIO/AES/design_1_wrapper_1/hw/design_1_wrapper.xsa
TRACE::2021-07-21.19:02:32::SCWPlatform::DSA directory /home/norian/Documents/github/SideChannelAtt/pourgithub/microblaze_GPIO/AES/design_1_wrapper_1/hw
TRACE::2021-07-21.19:02:32::SCWPlatform:: Platform Path /home/norian/Documents/github/SideChannelAtt/pourgithub/microblaze_GPIO/AES/design_1_wrapper_1/hw/design_1_wrapper.xsa
TRACE::2021-07-21.19:02:32::SCWPlatform:: Unique name xilinx:arty-a7-35::0.0
TRACE::2021-07-21.19:02:32::SCWPlatform::Trying to set the existing hwdb with name design_1_wrapper
TRACE::2021-07-21.19:02:32::SCWPlatform::Opened existing hwdb design_1_wrapper
TRACE::2021-07-21.19:02:32::SCWPlatform::Found the Hw Db part of the input DSA
TRACE::2021-07-21.19:02:32::SCWMssOS::Checking the sw design at  /home/norian/Documents/github/SideChannelAtt/pourgithub/microblaze_GPIO/AES/design_1_wrapper_1/microblaze_0/standalone_microblaze_0/bsp/system.mss
TRACE::2021-07-21.19:02:32::SCWMssOS::DEBUG:  swdes dump  /home/norian/Documents/github/SideChannelAtt/pourgithub/microblaze_GPIO/AES/design_1_wrapper_1/microblaze_0/standalone_microblaze_0/bsp/system.mss|system||

TRACE::2021-07-21.19:02:32::SCWMssOS::Sw design exists and opened at  /home/norian/Documents/github/SideChannelAtt/pourgithub/microblaze_GPIO/AES/design_1_wrapper_1/microblaze_0/standalone_microblaze_0/bsp/system.mss
TRACE::2021-07-21.19:02:32::SCWWriter::formatted JSON is {
	"platformName":	"design_1_wrapper_1",
	"sprVersion":	"2.0",
	"mode":	"gui",
	"dsaType":	"Fixed",
	"platformDesc":	"design_1_wrapper_1",
	"platHandOff":	"/home/norian/Documents/github/SideChannelAtt/pourgithub/microblaze_GPIO/AES/design_1_wrapper.xsa",
	"platIntHandOff":	"<platformDir>/hw/design_1_wrapper.xsa",
	"deviceType":	"FPGA",
	"platIsPrebuiltAutogen":	"false",
	"platIsNoBootBsp":	"false",
	"hasFsblMakeHasChanges":	"false",
	"hasPmufwMakeHasChanges":	"false",
	"platPreBuiltFlag":	false,
	"platformSamplesDir":	"",
	"platActiveSys":	"design_1_wrapper_1",
	"systems":	[{
			"systemName":	"design_1_wrapper_1",
			"systemDesc":	"design_1_wrapper_1",
			"sysIsBootAutoGen":	"true",
			"systemDispName":	"design_1_wrapper_1",
			"sysActiveDom":	"standalone_microblaze_0",
			"sysDefaultDom":	"standalone_microblaze_0",
			"domains":	[{
					"domainName":	"standalone_microblaze_0",
					"domainDispName":	"standalone_microblaze_0",
					"domainDesc":	"standalone_microblaze_0",
					"processors":	"microblaze_0",
					"os":	"standalone",
					"sdxOs":	"standalone",
					"debugEnable":	"False",
					"domRuntimes":	["cpp"],
					"swRepo":	"",
					"mssOsVer":	"7.3",
					"mssFile":	"",
					"md5Digest":	"563c6263be4f9325d9779002dead934f",
					"compatibleApp":	"",
					"domType":	"mssDomain",
					"arch":	"32-bit",
					"appSettings":	{
						"appCompilerFlags":	"",
						"appLinkerFlags":	""
					},
					"addedLibs":	[],
					"libOptions":	{
						"libsContainingOptions":	[]
					},
					"prebuiltLibs":	{
						"prebuiltIncPath":	[],
						"prebuiltLibPath":	[]
					},
					"isolation":	{
					}
				}]
		}]
}
KEYINFO::2021-07-21.19:02:32::SCWPlatform::updated the xpfm file.
TRACE::2021-07-21.19:02:32::SCWPlatform::Trying to open the hw design at /home/norian/Documents/github/SideChannelAtt/pourgithub/microblaze_GPIO/AES/design_1_wrapper_1/hw/design_1_wrapper.xsa
TRACE::2021-07-21.19:02:32::SCWPlatform::DSA given /home/norian/Documents/github/SideChannelAtt/pourgithub/microblaze_GPIO/AES/design_1_wrapper_1/hw/design_1_wrapper.xsa
TRACE::2021-07-21.19:02:32::SCWPlatform::DSA absoulate path /home/norian/Documents/github/SideChannelAtt/pourgithub/microblaze_GPIO/AES/design_1_wrapper_1/hw/design_1_wrapper.xsa
TRACE::2021-07-21.19:02:32::SCWPlatform::DSA directory /home/norian/Documents/github/SideChannelAtt/pourgithub/microblaze_GPIO/AES/design_1_wrapper_1/hw
TRACE::2021-07-21.19:02:32::SCWPlatform:: Platform Path /home/norian/Documents/github/SideChannelAtt/pourgithub/microblaze_GPIO/AES/design_1_wrapper_1/hw/design_1_wrapper.xsa
TRACE::2021-07-21.19:02:32::SCWPlatform:: Unique name xilinx:arty-a7-35::0.0
TRACE::2021-07-21.19:02:32::SCWPlatform::Trying to set the existing hwdb with name design_1_wrapper
TRACE::2021-07-21.19:02:32::SCWPlatform::Opened existing hwdb design_1_wrapper
TRACE::2021-07-21.19:02:32::SCWPlatform::Found the Hw Db part of the input DSA
TRACE::2021-07-21.19:02:32::SCWMssOS::Checking the sw design at  /home/norian/Documents/github/SideChannelAtt/pourgithub/microblaze_GPIO/AES/design_1_wrapper_1/microblaze_0/standalone_microblaze_0/bsp/system.mss
TRACE::2021-07-21.19:02:32::SCWMssOS::DEBUG:  swdes dump  /home/norian/Documents/github/SideChannelAtt/pourgithub/microblaze_GPIO/AES/design_1_wrapper_1/microblaze_0/standalone_microblaze_0/bsp/system.mss|system||

TRACE::2021-07-21.19:02:32::SCWMssOS::Sw design exists and opened at  /home/norian/Documents/github/SideChannelAtt/pourgithub/microblaze_GPIO/AES/design_1_wrapper_1/microblaze_0/standalone_microblaze_0/bsp/system.mss
